{"C:\\programming\\love-tracker\\mobile\\src\\app\\+html.tsx": {"path":"C:\\programming\\love-tracker\\mobile\\src\\app\\+html.tsx","statementMap":{"0":{"start":{"line":8,"column":2},"end":{"line":27,"column":4}},"1":{"start":{"line":30,"column":29},"end":{"line":38,"column":2}}},"fnMap":{"0":{"name":"Root","decl":{"start":{"line":7,"column":24},"end":{"line":7,"column":28}},"loc":{"start":{"line":7,"column":74},"end":{"line":28,"column":1}},"line":7}},"branchMap":{},"s":{"0":0,"1":0},"f":{"0":0},"b":{}}
,"C:\\programming\\love-tracker\\mobile\\src\\app\\+not-found.tsx": {"path":"C:\\programming\\love-tracker\\mobile\\src\\app\\+not-found.tsx","statementMap":{"0":{"start":{"line":5,"column":2},"end":{"line":16,"column":4}},"1":{"start":{"line":19,"column":15},"end":{"line":38,"column":2}}},"fnMap":{"0":{"name":"NotFoundScreen","decl":{"start":{"line":4,"column":24},"end":{"line":4,"column":38}},"loc":{"start":{"line":4,"column":41},"end":{"line":17,"column":1}},"line":4}},"branchMap":{},"s":{"0":0,"1":0},"f":{"0":0},"b":{}}
,"C:\\programming\\love-tracker\\mobile\\src\\app\\_layout.tsx": {"path":"C:\\programming\\love-tracker\\mobile\\src\\app\\_layout.tsx","statementMap":{"0":{"start":{"line":10,"column":0},"end":{"line":10,"column":27}},"1":{"start":{"line":32,"column":20},"end":{"line":32,"column":30}},"2":{"start":{"line":33,"column":16},"end":{"line":33,"column":32}},"3":{"start":{"line":34,"column":12},"end":{"line":34,"column":24}},"4":{"start":{"line":41,"column":6},"end":{"line":41,"column":22}},"5":{"start":{"line":42,"column":23},"end":{"line":42,"column":62}},"6":{"start":{"line":42,"column":47},"end":{"line":42,"column":61}},"7":{"start":{"line":44,"column":19},"end":{"line":44,"column":46}},"8":{"start":{"line":44,"column":39},"end":{"line":44,"column":45}},"9":{"start":{"line":45,"column":15},"end":{"line":45,"column":42}},"10":{"start":{"line":45,"column":35},"end":{"line":45,"column":41}},"11":{"start":{"line":46,"column":17},"end":{"line":46,"column":46}},"12":{"start":{"line":46,"column":37},"end":{"line":46,"column":45}},"13":{"start":{"line":47,"column":19},"end":{"line":47,"column":50}},"14":{"start":{"line":47,"column":39},"end":{"line":47,"column":49}},"15":{"start":{"line":48,"column":28},"end":{"line":48,"column":68}},"16":{"start":{"line":48,"column":48},"end":{"line":48,"column":67}},"17":{"start":{"line":49,"column":16},"end":{"line":49,"column":44}},"18":{"start":{"line":49,"column":36},"end":{"line":49,"column":43}},"19":{"start":{"line":51,"column":2},"end":{"line":64,"column":9}},"20":{"start":{"line":52,"column":4},"end":{"line":63,"column":9}},"21":{"start":{"line":54,"column":8},"end":{"line":54,"column":29}},"22":{"start":{"line":55,"column":8},"end":{"line":55,"column":26}},"23":{"start":{"line":59,"column":8},"end":{"line":59,"column":36}},"24":{"start":{"line":62,"column":8},"end":{"line":62,"column":46}},"25":{"start":{"line":67,"column":2},"end":{"line":95,"column":32}},"26":{"start":{"line":68,"column":4},"end":{"line":68,"column":24}},"27":{"start":{"line":68,"column":17},"end":{"line":68,"column":24}},"28":{"start":{"line":70,"column":4},"end":{"line":94,"column":9}},"29":{"start":{"line":71,"column":6},"end":{"line":93,"column":7}},"30":{"start":{"line":72,"column":22},"end":{"line":72,"column":63}},"31":{"start":{"line":73,"column":8},"end":{"line":75,"column":9}},"32":{"start":{"line":74,"column":10},"end":{"line":74,"column":41}},"33":{"start":{"line":77,"column":30},"end":{"line":77,"column":71}},"34":{"start":{"line":77,"column":49},"end":{"line":77,"column":70}},"35":{"start":{"line":78,"column":8},"end":{"line":90,"column":9}},"36":{"start":{"line":79,"column":27},"end":{"line":79,"column":92}},"37":{"start":{"line":79,"column":44},"end":{"line":79,"column":92}},"38":{"start":{"line":80,"column":10},"end":{"line":80,"column":54}},"39":{"start":{"line":81,"column":10},"end":{"line":89,"column":12}},"40":{"start":{"line":92,"column":8},"end":{"line":92,"column":74}},"41":{"start":{"line":98,"column":2},"end":{"line":103,"column":13}},"42":{"start":{"line":99,"column":21},"end":{"line":101,"column":13}},"43":{"start":{"line":100,"column":6},"end":{"line":100,"column":34}},"44":{"start":{"line":102,"column":4},"end":{"line":102,"column":41}},"45":{"start":{"line":102,"column":17},"end":{"line":102,"column":40}},"46":{"start":{"line":105,"column":2},"end":{"line":111,"column":3}},"47":{"start":{"line":106,"column":4},"end":{"line":110,"column":6}},"48":{"start":{"line":113,"column":2},"end":{"line":121,"column":3}},"49":{"start":{"line":114,"column":4},"end":{"line":120,"column":6}},"50":{"start":{"line":123,"column":2},"end":{"line":134,"column":4}},"51":{"start":{"line":138,"column":2},"end":{"line":144,"column":4}}},"fnMap":{"0":{"name":"AppContent","decl":{"start":{"line":31,"column":9},"end":{"line":31,"column":19}},"loc":{"start":{"line":31,"column":22},"end":{"line":135,"column":1}},"line":31},"1":{"name":"(anonymous_1)","decl":{"start":{"line":42,"column":40},"end":{"line":42,"column":41}},"loc":{"start":{"line":42,"column":47},"end":{"line":42,"column":61}},"line":42},"2":{"name":"(anonymous_2)","decl":{"start":{"line":44,"column":32},"end":{"line":44,"column":33}},"loc":{"start":{"line":44,"column":39},"end":{"line":44,"column":45}},"line":44},"3":{"name":"(anonymous_3)","decl":{"start":{"line":45,"column":28},"end":{"line":45,"column":29}},"loc":{"start":{"line":45,"column":35},"end":{"line":45,"column":41}},"line":45},"4":{"name":"(anonymous_4)","decl":{"start":{"line":46,"column":30},"end":{"line":46,"column":31}},"loc":{"start":{"line":46,"column":37},"end":{"line":46,"column":45}},"line":46},"5":{"name":"(anonymous_5)","decl":{"start":{"line":47,"column":32},"end":{"line":47,"column":33}},"loc":{"start":{"line":47,"column":39},"end":{"line":47,"column":49}},"line":47},"6":{"name":"(anonymous_6)","decl":{"start":{"line":48,"column":41},"end":{"line":48,"column":42}},"loc":{"start":{"line":48,"column":48},"end":{"line":48,"column":67}},"line":48},"7":{"name":"(anonymous_7)","decl":{"start":{"line":49,"column":29},"end":{"line":49,"column":30}},"loc":{"start":{"line":49,"column":36},"end":{"line":49,"column":43}},"line":49},"8":{"name":"(anonymous_8)","decl":{"start":{"line":51,"column":12},"end":{"line":51,"column":13}},"loc":{"start":{"line":51,"column":18},"end":{"line":64,"column":3}},"line":51},"9":{"name":"(anonymous_9)","decl":{"start":{"line":53,"column":12},"end":{"line":53,"column":13}},"loc":{"start":{"line":53,"column":24},"end":{"line":56,"column":7}},"line":53},"10":{"name":"(anonymous_10)","decl":{"start":{"line":57,"column":12},"end":{"line":57,"column":13}},"loc":{"start":{"line":57,"column":18},"end":{"line":60,"column":7}},"line":57},"11":{"name":"(anonymous_11)","decl":{"start":{"line":61,"column":13},"end":{"line":61,"column":14}},"loc":{"start":{"line":61,"column":22},"end":{"line":63,"column":7}},"line":61},"12":{"name":"(anonymous_12)","decl":{"start":{"line":67,"column":12},"end":{"line":67,"column":13}},"loc":{"start":{"line":67,"column":18},"end":{"line":95,"column":3}},"line":67},"13":{"name":"(anonymous_13)","decl":{"start":{"line":70,"column":5},"end":{"line":70,"column":6}},"loc":{"start":{"line":70,"column":17},"end":{"line":94,"column":5}},"line":70},"14":{"name":"(anonymous_14)","decl":{"start":{"line":77,"column":44},"end":{"line":77,"column":45}},"loc":{"start":{"line":77,"column":49},"end":{"line":77,"column":70}},"line":77},"15":{"name":"(anonymous_15)","decl":{"start":{"line":79,"column":27},"end":{"line":79,"column":28}},"loc":{"start":{"line":79,"column":44},"end":{"line":79,"column":92}},"line":79},"16":{"name":"(anonymous_16)","decl":{"start":{"line":98,"column":12},"end":{"line":98,"column":13}},"loc":{"start":{"line":98,"column":18},"end":{"line":103,"column":3}},"line":98},"17":{"name":"(anonymous_17)","decl":{"start":{"line":99,"column":33},"end":{"line":99,"column":34}},"loc":{"start":{"line":99,"column":39},"end":{"line":101,"column":5}},"line":99},"18":{"name":"(anonymous_18)","decl":{"start":{"line":102,"column":11},"end":{"line":102,"column":12}},"loc":{"start":{"line":102,"column":17},"end":{"line":102,"column":40}},"line":102},"19":{"name":"RootLayout","decl":{"start":{"line":137,"column":24},"end":{"line":137,"column":34}},"loc":{"start":{"line":137,"column":37},"end":{"line":145,"column":1}},"line":137}},"branchMap":{"0":{"loc":{"start":{"line":68,"column":4},"end":{"line":68,"column":24}},"type":"if","locations":[{"start":{"line":68,"column":4},"end":{"line":68,"column":24}},{"start":{},"end":{}}],"line":68},"1":{"loc":{"start":{"line":73,"column":8},"end":{"line":75,"column":9}},"type":"if","locations":[{"start":{"line":73,"column":8},"end":{"line":75,"column":9}},{"start":{},"end":{}}],"line":73},"2":{"loc":{"start":{"line":78,"column":8},"end":{"line":90,"column":9}},"type":"if","locations":[{"start":{"line":78,"column":8},"end":{"line":90,"column":9}},{"start":{},"end":{}}],"line":78},"3":{"loc":{"start":{"line":105,"column":2},"end":{"line":111,"column":3}},"type":"if","locations":[{"start":{"line":105,"column":2},"end":{"line":111,"column":3}},{"start":{},"end":{}}],"line":105},"4":{"loc":{"start":{"line":113,"column":2},"end":{"line":121,"column":3}},"type":"if","locations":[{"start":{"line":113,"column":2},"end":{"line":121,"column":3}},{"start":{},"end":{}}],"line":113}},"s":{"0":0,"1":0,"2":0,"3":0,"4":0,"5":0,"6":0,"7":0,"8":0,"9":0,"10":0,"11":0,"12":0,"13":0,"14":0,"15":0,"16":0,"17":0,"18":0,"19":0,"20":0,"21":0,"22":0,"23":0,"24":0,"25":0,"26":0,"27":0,"28":0,"29":0,"30":0,"31":0,"32":0,"33":0,"34":0,"35":0,"36":0,"37":0,"38":0,"39":0,"40":0,"41":0,"42":0,"43":0,"44":0,"45":0,"46":0,"47":0,"48":0,"49":0,"50":0,"51":0},"f":{"0":0,"1":0,"2":0,"3":0,"4":0,"5":0,"6":0,"7":0,"8":0,"9":0,"10":0,"11":0,"12":0,"13":0,"14":0,"15":0,"16":0,"17":0,"18":0,"19":0},"b":{"0":[0,0],"1":[0,0],"2":[0,0],"3":[0,0],"4":[0,0]}}
,"C:\\programming\\love-tracker\\mobile\\src\\app\\(tabs)\\_layout.tsx": {"path":"C:\\programming\\love-tracker\\mobile\\src\\app\\(tabs)\\_layout.tsx","statementMap":{"0":{"start":{"line":8,"column":2},"end":{"line":12,"column":4}},"1":{"start":{"line":16,"column":16},"end":{"line":16,"column":32}},"2":{"start":{"line":17,"column":20},"end":{"line":17,"column":30}},"3":{"start":{"line":18,"column":21},"end":{"line":18,"column":40}},"4":{"start":{"line":19,"column":12},"end":{"line":19,"column":24}},"5":{"start":{"line":22,"column":25},"end":{"line":22,"column":69}},"6":{"start":{"line":24,"column":2},"end":{"line":76,"column":4}},"7":{"start":{"line":44,"column":39},"end":{"line":44,"column":79}},"8":{"start":{"line":51,"column":39},"end":{"line":51,"column":79}},"9":{"start":{"line":58,"column":39},"end":{"line":58,"column":79}},"10":{"start":{"line":65,"column":39},"end":{"line":65,"column":79}},"11":{"start":{"line":72,"column":39},"end":{"line":72,"column":79}}},"fnMap":{"0":{"name":"TabIcon","decl":{"start":{"line":7,"column":9},"end":{"line":7,"column":16}},"loc":{"start":{"line":7,"column":74},"end":{"line":13,"column":1}},"line":7},"1":{"name":"TabLayout","decl":{"start":{"line":15,"column":24},"end":{"line":15,"column":33}},"loc":{"start":{"line":15,"column":36},"end":{"line":77,"column":1}},"line":15},"2":{"name":"(anonymous_2)","decl":{"start":{"line":44,"column":22},"end":{"line":44,"column":23}},"loc":{"start":{"line":44,"column":39},"end":{"line":44,"column":79}},"line":44},"3":{"name":"(anonymous_3)","decl":{"start":{"line":51,"column":22},"end":{"line":51,"column":23}},"loc":{"start":{"line":51,"column":39},"end":{"line":51,"column":79}},"line":51},"4":{"name":"(anonymous_4)","decl":{"start":{"line":58,"column":22},"end":{"line":58,"column":23}},"loc":{"start":{"line":58,"column":39},"end":{"line":58,"column":79}},"line":58},"5":{"name":"(anonymous_5)","decl":{"start":{"line":65,"column":22},"end":{"line":65,"column":23}},"loc":{"start":{"line":65,"column":39},"end":{"line":65,"column":79}},"line":65},"6":{"name":"(anonymous_6)","decl":{"start":{"line":72,"column":22},"end":{"line":72,"column":23}},"loc":{"start":{"line":72,"column":39},"end":{"line":72,"column":79}},"line":72}},"branchMap":{"0":{"loc":{"start":{"line":9,"column":29},"end":{"line":9,"column":46}},"type":"cond-expr","locations":[{"start":{"line":9,"column":39},"end":{"line":9,"column":41}},{"start":{"line":9,"column":44},"end":{"line":9,"column":46}}],"line":9},"1":{"loc":{"start":{"line":9,"column":57},"end":{"line":9,"column":74}},"type":"cond-expr","locations":[{"start":{"line":9,"column":67},"end":{"line":9,"column":68}},{"start":{"line":9,"column":71},"end":{"line":9,"column":74}}],"line":9},"2":{"loc":{"start":{"line":22,"column":25},"end":{"line":22,"column":69}},"type":"cond-expr","locations":[{"start":{"line":22,"column":53},"end":{"line":22,"column":64}},{"start":{"line":22,"column":67},"end":{"line":22,"column":69}}],"line":22},"3":{"loc":{"start":{"line":33,"column":25},"end":{"line":33,"column":67}},"type":"cond-expr","locations":[{"start":{"line":33,"column":53},"end":{"line":33,"column":63}},{"start":{"line":33,"column":66},"end":{"line":33,"column":67}}],"line":33}},"s":{"0":0,"1":0,"2":0,"3":0,"4":0,"5":0,"6":0,"7":0,"8":0,"9":0,"10":0,"11":0},"f":{"0":0,"1":0,"2":0,"3":0,"4":0,"5":0,"6":0},"b":{"0":[0,0],"1":[0,0],"2":[0,0],"3":[0,0]}}
,"C:\\programming\\love-tracker\\mobile\\src\\app\\(tabs)\\calendar.tsx": {"path":"C:\\programming\\love-tracker\\mobile\\src\\app\\(tabs)\\calendar.tsx","statementMap":{"0":{"start":{"line":16,"column":20},"end":{"line":16,"column":30}},"1":{"start":{"line":17,"column":12},"end":{"line":17,"column":24}},"2":{"start":{"line":18,"column":22},"end":{"line":18,"column":38}},"3":{"start":{"line":19,"column":17},"end":{"line":19,"column":28}},"4":{"start":{"line":21,"column":26},"end":{"line":21,"column":68}},"5":{"start":{"line":21,"column":50},"end":{"line":21,"column":67}},"6":{"start":{"line":22,"column":17},"end":{"line":22,"column":48}},"7":{"start":{"line":22,"column":39},"end":{"line":22,"column":47}},"8":{"start":{"line":23,"column":23},"end":{"line":23,"column":60}},"9":{"start":{"line":23,"column":45},"end":{"line":23,"column":59}},"10":{"start":{"line":24,"column":25},"end":{"line":24,"column":64}},"11":{"start":{"line":24,"column":47},"end":{"line":24,"column":63}},"12":{"start":{"line":26,"column":16},"end":{"line":26,"column":48}},"13":{"start":{"line":27,"column":42},"end":{"line":27,"column":71}},"14":{"start":{"line":28,"column":42},"end":{"line":28,"column":116}},"15":{"start":{"line":29,"column":42},"end":{"line":29,"column":57}},"16":{"start":{"line":30,"column":40},"end":{"line":30,"column":65}},"17":{"start":{"line":31,"column":36},"end":{"line":31,"column":61}},"18":{"start":{"line":34,"column":2},"end":{"line":39,"column":62}},"19":{"start":{"line":35,"column":4},"end":{"line":35,"column":33}},"20":{"start":{"line":35,"column":26},"end":{"line":35,"column":33}},"21":{"start":{"line":36,"column":4},"end":{"line":38,"column":28}},"22":{"start":{"line":42,"column":2},"end":{"line":50,"column":60}},"23":{"start":{"line":43,"column":4},"end":{"line":46,"column":5}},"24":{"start":{"line":44,"column":6},"end":{"line":44,"column":23}},"25":{"start":{"line":45,"column":6},"end":{"line":45,"column":13}},"26":{"start":{"line":47,"column":4},"end":{"line":49,"column":28}},"27":{"start":{"line":53,"column":22},"end":{"line":72,"column":61}},"28":{"start":{"line":54,"column":4},"end":{"line":54,"column":36}},"29":{"start":{"line":54,"column":26},"end":{"line":54,"column":36}},"30":{"start":{"line":55,"column":39},"end":{"line":55,"column":41}},"31":{"start":{"line":56,"column":4},"end":{"line":63,"column":5}},"32":{"start":{"line":57,"column":22},"end":{"line":57,"column":68}},"33":{"start":{"line":58,"column":18},"end":{"line":58,"column":72}},"34":{"start":{"line":59,"column":6},"end":{"line":59,"column":71}},"35":{"start":{"line":59,"column":27},"end":{"line":59,"column":71}},"36":{"start":{"line":60,"column":23},"end":{"line":60,"column":46}},"37":{"start":{"line":61,"column":25},"end":{"line":61,"column":83}},"38":{"start":{"line":61,"column":62},"end":{"line":61,"column":82}},"39":{"start":{"line":62,"column":6},"end":{"line":62,"column":97}},"40":{"start":{"line":62,"column":23},"end":{"line":62,"column":97}},"41":{"start":{"line":64,"column":4},"end":{"line":70,"column":5}},"42":{"start":{"line":65,"column":6},"end":{"line":69,"column":8}},"43":{"start":{"line":71,"column":4},"end":{"line":71,"column":17}},"44":{"start":{"line":75,"column":25},"end":{"line":78,"column":8}},"45":{"start":{"line":76,"column":4},"end":{"line":76,"column":36}},"46":{"start":{"line":77,"column":4},"end":{"line":77,"column":26}},"47":{"start":{"line":80,"column":24},"end":{"line":99,"column":3}},"48":{"start":{"line":101,"column":2},"end":{"line":180,"column":4}},"49":{"start":{"line":113,"column":10},"end":{"line":113,"column":72}},"50":{"start":{"line":120,"column":92},"end":{"line":120,"column":114}},"51":{"start":{"line":121,"column":87},"end":{"line":121,"column":109}},"52":{"start":{"line":127,"column":36},"end":{"line":127,"column":71}},"53":{"start":{"line":128,"column":34},"end":{"line":128,"column":55}},"54":{"start":{"line":129,"column":18},"end":{"line":129,"column":112}},"55":{"start":{"line":134,"column":18},"end":{"line":134,"column":41}},"56":{"start":{"line":135,"column":18},"end":{"line":135,"column":136}},"57":{"start":{"line":147,"column":30},"end":{"line":147,"column":84}},"58":{"start":{"line":148,"column":18},"end":{"line":172,"column":20}},"59":{"start":{"line":152,"column":24},"end":{"line":152,"column":47}},"60":{"start":{"line":153,"column":24},"end":{"line":153,"column":96}},"61":{"start":{"line":183,"column":15},"end":{"line":207,"column":2}}},"fnMap":{"0":{"name":"CalendarScreen","decl":{"start":{"line":15,"column":24},"end":{"line":15,"column":38}},"loc":{"start":{"line":15,"column":41},"end":{"line":181,"column":1}},"line":15},"1":{"name":"(anonymous_1)","decl":{"start":{"line":21,"column":43},"end":{"line":21,"column":44}},"loc":{"start":{"line":21,"column":50},"end":{"line":21,"column":67}},"line":21},"2":{"name":"(anonymous_2)","decl":{"start":{"line":22,"column":32},"end":{"line":22,"column":33}},"loc":{"start":{"line":22,"column":39},"end":{"line":22,"column":47}},"line":22},"3":{"name":"(anonymous_3)","decl":{"start":{"line":23,"column":38},"end":{"line":23,"column":39}},"loc":{"start":{"line":23,"column":45},"end":{"line":23,"column":59}},"line":23},"4":{"name":"(anonymous_4)","decl":{"start":{"line":24,"column":40},"end":{"line":24,"column":41}},"loc":{"start":{"line":24,"column":47},"end":{"line":24,"column":63}},"line":24},"5":{"name":"(anonymous_5)","decl":{"start":{"line":34,"column":12},"end":{"line":34,"column":13}},"loc":{"start":{"line":34,"column":18},"end":{"line":39,"column":3}},"line":34},"6":{"name":"(anonymous_6)","decl":{"start":{"line":42,"column":12},"end":{"line":42,"column":13}},"loc":{"start":{"line":42,"column":18},"end":{"line":50,"column":3}},"line":42},"7":{"name":"(anonymous_7)","decl":{"start":{"line":53,"column":30},"end":{"line":53,"column":31}},"loc":{"start":{"line":53,"column":36},"end":{"line":72,"column":3}},"line":53},"8":{"name":"(anonymous_8)","decl":{"start":{"line":61,"column":50},"end":{"line":61,"column":51}},"loc":{"start":{"line":61,"column":62},"end":{"line":61,"column":82}},"line":61},"9":{"name":"(anonymous_9)","decl":{"start":{"line":75,"column":37},"end":{"line":75,"column":38}},"loc":{"start":{"line":75,"column":51},"end":{"line":78,"column":3}},"line":75},"10":{"name":"(anonymous_10)","decl":{"start":{"line":112,"column":23},"end":{"line":112,"column":24}},"loc":{"start":{"line":112,"column":39},"end":{"line":114,"column":9}},"line":112},"11":{"name":"(anonymous_11)","decl":{"start":{"line":120,"column":86},"end":{"line":120,"column":87}},"loc":{"start":{"line":120,"column":92},"end":{"line":120,"column":114}},"line":120},"12":{"name":"(anonymous_12)","decl":{"start":{"line":121,"column":81},"end":{"line":121,"column":82}},"loc":{"start":{"line":121,"column":87},"end":{"line":121,"column":109}},"line":121},"13":{"name":"(anonymous_13)","decl":{"start":{"line":126,"column":33},"end":{"line":126,"column":34}},"loc":{"start":{"line":126,"column":39},"end":{"line":130,"column":17}},"line":126},"14":{"name":"(anonymous_14)","decl":{"start":{"line":133,"column":25},"end":{"line":133,"column":26}},"loc":{"start":{"line":133,"column":31},"end":{"line":136,"column":17}},"line":133},"15":{"name":"(anonymous_15)","decl":{"start":{"line":146,"column":30},"end":{"line":146,"column":31}},"loc":{"start":{"line":146,"column":38},"end":{"line":173,"column":17}},"line":146},"16":{"name":"(anonymous_16)","decl":{"start":{"line":151,"column":31},"end":{"line":151,"column":32}},"loc":{"start":{"line":151,"column":37},"end":{"line":154,"column":23}},"line":151}},"branchMap":{"0":{"loc":{"start":{"line":35,"column":4},"end":{"line":35,"column":33}},"type":"if","locations":[{"start":{"line":35,"column":4},"end":{"line":35,"column":33}},{"start":{},"end":{}}],"line":35},"1":{"loc":{"start":{"line":43,"column":4},"end":{"line":46,"column":5}},"type":"if","locations":[{"start":{"line":43,"column":4},"end":{"line":46,"column":5}},{"start":{},"end":{}}],"line":43},"2":{"loc":{"start":{"line":43,"column":8},"end":{"line":43,"column":41}},"type":"binary-expr","locations":[{"start":{"line":43,"column":8},"end":{"line":43,"column":24}},{"start":{"line":43,"column":28},"end":{"line":43,"column":41}}],"line":43},"3":{"loc":{"start":{"line":54,"column":4},"end":{"line":54,"column":36}},"type":"if","locations":[{"start":{"line":54,"column":4},"end":{"line":54,"column":36}},{"start":{},"end":{}}],"line":54},"4":{"loc":{"start":{"line":59,"column":6},"end":{"line":59,"column":71}},"type":"if","locations":[{"start":{"line":59,"column":6},"end":{"line":59,"column":71}},{"start":{},"end":{}}],"line":59},"5":{"loc":{"start":{"line":60,"column":23},"end":{"line":60,"column":46}},"type":"binary-expr","locations":[{"start":{"line":60,"column":23},"end":{"line":60,"column":33}},{"start":{"line":60,"column":37},"end":{"line":60,"column":46}}],"line":60},"6":{"loc":{"start":{"line":62,"column":6},"end":{"line":62,"column":97}},"type":"if","locations":[{"start":{"line":62,"column":6},"end":{"line":62,"column":97}},{"start":{},"end":{}}],"line":62},"7":{"loc":{"start":{"line":64,"column":4},"end":{"line":70,"column":5}},"type":"if","locations":[{"start":{"line":64,"column":4},"end":{"line":70,"column":5}},{"start":{},"end":{}}],"line":64},"8":{"loc":{"start":{"line":126,"column":17},"end":{"line":130,"column":25}},"type":"cond-expr","locations":[{"start":{"line":126,"column":32},"end":{"line":130,"column":20}},{"start":{"line":130,"column":23},"end":{"line":130,"column":25}}],"line":126},"9":{"loc":{"start":{"line":129,"column":67},"end":{"line":129,"column":108}},"type":"cond-expr","locations":[{"start":{"line":129,"column":92},"end":{"line":129,"column":96}},{"start":{"line":129,"column":99},"end":{"line":129,"column":108}}],"line":129},"10":{"loc":{"start":{"line":135,"column":78},"end":{"line":135,"column":96}},"type":"binary-expr","locations":[{"start":{"line":135,"column":78},"end":{"line":135,"column":90}},{"start":{"line":135,"column":94},"end":{"line":135,"column":96}}],"line":135},"11":{"loc":{"start":{"line":135,"column":109},"end":{"line":135,"column":130}},"type":"binary-expr","locations":[{"start":{"line":135,"column":109},"end":{"line":135,"column":124}},{"start":{"line":135,"column":128},"end":{"line":135,"column":130}}],"line":135},"12":{"loc":{"start":{"line":143,"column":15},"end":{"line":174,"column":15}},"type":"cond-expr","locations":[{"start":{"line":144,"column":16},"end":{"line":144,"column":104}},{"start":{"line":146,"column":16},"end":{"line":173,"column":18}}],"line":143},"13":{"loc":{"start":{"line":155,"column":66},"end":{"line":155,"column":94}},"type":"binary-expr","locations":[{"start":{"line":155,"column":66},"end":{"line":155,"column":78}},{"start":{"line":155,"column":82},"end":{"line":155,"column":94}}],"line":155},"14":{"loc":{"start":{"line":155,"column":110},"end":{"line":155,"column":132}},"type":"binary-expr","locations":[{"start":{"line":155,"column":110},"end":{"line":155,"column":120}},{"start":{"line":155,"column":124},"end":{"line":155,"column":132}}],"line":155},"15":{"loc":{"start":{"line":157,"column":54},"end":{"line":157,"column":71}},"type":"binary-expr","locations":[{"start":{"line":157,"column":54},"end":{"line":157,"column":63}},{"start":{"line":157,"column":67},"end":{"line":157,"column":71}}],"line":157},"16":{"loc":{"start":{"line":160,"column":67},"end":{"line":160,"column":87}},"type":"binary-expr","locations":[{"start":{"line":160,"column":67},"end":{"line":160,"column":77}},{"start":{"line":160,"column":81},"end":{"line":160,"column":87}}],"line":160},"17":{"loc":{"start":{"line":160,"column":95},"end":{"line":160,"column":127}},"type":"binary-expr","locations":[{"start":{"line":160,"column":95},"end":{"line":160,"column":108}},{"start":{"line":160,"column":112},"end":{"line":160,"column":127}}],"line":160},"18":{"loc":{"start":{"line":161,"column":27},"end":{"line":163,"column":27}},"type":"binary-expr","locations":[{"start":{"line":161,"column":27},"end":{"line":161,"column":46}},{"start":{"line":162,"column":28},"end":{"line":162,"column":118}}],"line":161},"19":{"loc":{"start":{"line":165,"column":25},"end":{"line":165,"column":115}},"type":"binary-expr","locations":[{"start":{"line":165,"column":25},"end":{"line":165,"column":33}},{"start":{"line":165,"column":37},"end":{"line":165,"column":115}}],"line":165},"20":{"loc":{"start":{"line":166,"column":25},"end":{"line":166,"column":113}},"type":"binary-expr","locations":[{"start":{"line":166,"column":25},"end":{"line":166,"column":32}},{"start":{"line":166,"column":36},"end":{"line":166,"column":113}}],"line":166}},"s":{"0":0,"1":0,"2":0,"3":0,"4":0,"5":0,"6":0,"7":0,"8":0,"9":0,"10":0,"11":0,"12":0,"13":0,"14":0,"15":0,"16":0,"17":0,"18":0,"19":0,"20":0,"21":0,"22":0,"23":0,"24":0,"25":0,"26":0,"27":0,"28":0,"29":0,"30":0,"31":0,"32":0,"33":0,"34":0,"35":0,"36":0,"37":0,"38":0,"39":0,"40":0,"41":0,"42":0,"43":0,"44":0,"45":0,"46":0,"47":0,"48":0,"49":0,"50":0,"51":0,"52":0,"53":0,"54":0,"55":0,"56":0,"57":0,"58":0,"59":0,"60":0,"61":0},"f":{"0":0,"1":0,"2":0,"3":0,"4":0,"5":0,"6":0,"7":0,"8":0,"9":0,"10":0,"11":0,"12":0,"13":0,"14":0,"15":0,"16":0},"b":{"0":[0,0],"1":[0,0],"2":[0,0],"3":[0,0],"4":[0,0],"5":[0,0],"6":[0,0],"7":[0,0],"8":[0,0],"9":[0,0],"10":[0,0],"11":[0,0],"12":[0,0],"13":[0,0],"14":[0,0],"15":[0,0],"16":[0,0],"17":[0,0],"18":[0,0],"19":[0,0],"20":[0,0]}}
,"C:\\programming\\love-tracker\\mobile\\src\\app\\(tabs)\\index.tsx": {"path":"C:\\programming\\love-tracker\\mobile\\src\\app\\(tabs)\\index.tsx","statementMap":{"0":{"start":{"line":30,"column":16},"end":{"line":30,"column":53}},"1":{"start":{"line":32,"column":23},"end":{"line":37,"column":3}},"2":{"start":{"line":33,"column":4},"end":{"line":36,"column":15}},"3":{"start":{"line":39,"column":2},"end":{"line":52,"column":4}},"4":{"start":{"line":41,"column":23},"end":{"line":41,"column":38}},"5":{"start":{"line":41,"column":39},"end":{"line":41,"column":49}},"6":{"start":{"line":42,"column":27},"end":{"line":42,"column":42}},"7":{"start":{"line":42,"column":43},"end":{"line":42,"column":57}},"8":{"start":{"line":61,"column":20},"end":{"line":61,"column":30}},"9":{"start":{"line":62,"column":12},"end":{"line":62,"column":24}},"10":{"start":{"line":63,"column":2},"end":{"line":77,"column":4}},"11":{"start":{"line":82,"column":20},"end":{"line":82,"column":30}},"12":{"start":{"line":83,"column":12},"end":{"line":83,"column":24}},"13":{"start":{"line":84,"column":14},"end":{"line":84,"column":71}},"14":{"start":{"line":85,"column":16},"end":{"line":85,"column":32}},"15":{"start":{"line":86,"column":2},"end":{"line":105,"column":4}},"16":{"start":{"line":110,"column":20},"end":{"line":110,"column":30}},"17":{"start":{"line":111,"column":12},"end":{"line":111,"column":24}},"18":{"start":{"line":112,"column":16},"end":{"line":112,"column":32}},"19":{"start":{"line":113,"column":17},"end":{"line":113,"column":28}},"20":{"start":{"line":115,"column":19},"end":{"line":115,"column":54}},"21":{"start":{"line":115,"column":43},"end":{"line":115,"column":53}},"22":{"start":{"line":116,"column":26},"end":{"line":116,"column":68}},"23":{"start":{"line":116,"column":50},"end":{"line":116,"column":67}},"24":{"start":{"line":117,"column":27},"end":{"line":117,"column":70}},"25":{"start":{"line":117,"column":51},"end":{"line":117,"column":69}},"26":{"start":{"line":118,"column":24},"end":{"line":118,"column":66}},"27":{"start":{"line":118,"column":48},"end":{"line":118,"column":65}},"28":{"start":{"line":120,"column":17},"end":{"line":120,"column":48}},"29":{"start":{"line":120,"column":39},"end":{"line":120,"column":47}},"30":{"start":{"line":121,"column":21},"end":{"line":121,"column":56}},"31":{"start":{"line":121,"column":43},"end":{"line":121,"column":55}},"32":{"start":{"line":122,"column":19},"end":{"line":122,"column":52}},"33":{"start":{"line":122,"column":41},"end":{"line":122,"column":51}},"34":{"start":{"line":124,"column":2},"end":{"line":126,"column":24}},"35":{"start":{"line":125,"column":4},"end":{"line":125,"column":53}},"36":{"start":{"line":125,"column":25},"end":{"line":125,"column":53}},"37":{"start":{"line":128,"column":25},"end":{"line":144,"column":3}},"38":{"start":{"line":130,"column":6},"end":{"line":133,"column":7}},"39":{"start":{"line":131,"column":8},"end":{"line":131,"column":72}},"40":{"start":{"line":132,"column":8},"end":{"line":132,"column":15}},"41":{"start":{"line":134,"column":6},"end":{"line":134,"column":62}},"42":{"start":{"line":135,"column":6},"end":{"line":141,"column":9}},"43":{"start":{"line":146,"column":26},"end":{"line":151,"column":3}},"44":{"start":{"line":148,"column":6},"end":{"line":148,"column":113}},"45":{"start":{"line":153,"column":23},"end":{"line":153,"column":41}},"46":{"start":{"line":155,"column":2},"end":{"line":230,"column":4}},"47":{"start":{"line":162,"column":43},"end":{"line":162,"column":76}},"48":{"start":{"line":173,"column":14},"end":{"line":180,"column":16}},"49":{"start":{"line":179,"column":31},"end":{"line":179,"column":59}},"50":{"start":{"line":191,"column":29},"end":{"line":191,"column":62}},"51":{"start":{"line":204,"column":18},"end":{"line":212,"column":20}},"52":{"start":{"line":210,"column":35},"end":{"line":210,"column":57}},"53":{"start":{"line":211,"column":39},"end":{"line":211,"column":62}},"54":{"start":{"line":223,"column":40},"end":{"line":223,"column":79}},"55":{"start":{"line":233,"column":15},"end":{"line":288,"column":2}}},"fnMap":{"0":{"name":"EventButton","decl":{"start":{"line":24,"column":9},"end":{"line":24,"column":20}},"loc":{"start":{"line":29,"column":3},"end":{"line":53,"column":1}},"line":29},"1":{"name":"(anonymous_1)","decl":{"start":{"line":32,"column":23},"end":{"line":32,"column":24}},"loc":{"start":{"line":32,"column":29},"end":{"line":37,"column":3}},"line":32},"2":{"name":"(anonymous_2)","decl":{"start":{"line":41,"column":15},"end":{"line":41,"column":16}},"loc":{"start":{"line":41,"column":21},"end":{"line":41,"column":51}},"line":41},"3":{"name":"(anonymous_3)","decl":{"start":{"line":42,"column":19},"end":{"line":42,"column":20}},"loc":{"start":{"line":42,"column":25},"end":{"line":42,"column":59}},"line":42},"4":{"name":"ContactPill","decl":{"start":{"line":56,"column":9},"end":{"line":56,"column":20}},"loc":{"start":{"line":60,"column":3},"end":{"line":78,"column":1}},"line":60},"5":{"name":"RecentEventRow","decl":{"start":{"line":81,"column":9},"end":{"line":81,"column":23}},"loc":{"start":{"line":81,"column":51},"end":{"line":106,"column":1}},"line":81},"6":{"name":"HomeScreen","decl":{"start":{"line":109,"column":24},"end":{"line":109,"column":34}},"loc":{"start":{"line":109,"column":37},"end":{"line":231,"column":1}},"line":109},"7":{"name":"(anonymous_7)","decl":{"start":{"line":115,"column":36},"end":{"line":115,"column":37}},"loc":{"start":{"line":115,"column":43},"end":{"line":115,"column":53}},"line":115},"8":{"name":"(anonymous_8)","decl":{"start":{"line":116,"column":43},"end":{"line":116,"column":44}},"loc":{"start":{"line":116,"column":50},"end":{"line":116,"column":67}},"line":116},"9":{"name":"(anonymous_9)","decl":{"start":{"line":117,"column":44},"end":{"line":117,"column":45}},"loc":{"start":{"line":117,"column":51},"end":{"line":117,"column":69}},"line":117},"10":{"name":"(anonymous_10)","decl":{"start":{"line":118,"column":41},"end":{"line":118,"column":42}},"loc":{"start":{"line":118,"column":48},"end":{"line":118,"column":65}},"line":118},"11":{"name":"(anonymous_11)","decl":{"start":{"line":120,"column":32},"end":{"line":120,"column":33}},"loc":{"start":{"line":120,"column":39},"end":{"line":120,"column":47}},"line":120},"12":{"name":"(anonymous_12)","decl":{"start":{"line":121,"column":36},"end":{"line":121,"column":37}},"loc":{"start":{"line":121,"column":43},"end":{"line":121,"column":55}},"line":121},"13":{"name":"(anonymous_13)","decl":{"start":{"line":122,"column":34},"end":{"line":122,"column":35}},"loc":{"start":{"line":122,"column":41},"end":{"line":122,"column":51}},"line":122},"14":{"name":"(anonymous_14)","decl":{"start":{"line":124,"column":12},"end":{"line":124,"column":13}},"loc":{"start":{"line":124,"column":18},"end":{"line":126,"column":3}},"line":124},"15":{"name":"(anonymous_15)","decl":{"start":{"line":129,"column":4},"end":{"line":129,"column":5}},"loc":{"start":{"line":129,"column":31},"end":{"line":142,"column":5}},"line":129},"16":{"name":"(anonymous_16)","decl":{"start":{"line":147,"column":4},"end":{"line":147,"column":5}},"loc":{"start":{"line":147,"column":25},"end":{"line":149,"column":5}},"line":147},"17":{"name":"(anonymous_17)","decl":{"start":{"line":162,"column":37},"end":{"line":162,"column":38}},"loc":{"start":{"line":162,"column":43},"end":{"line":162,"column":76}},"line":162},"18":{"name":"(anonymous_18)","decl":{"start":{"line":172,"column":26},"end":{"line":172,"column":27}},"loc":{"start":{"line":173,"column":14},"end":{"line":180,"column":16}},"line":173},"19":{"name":"(anonymous_19)","decl":{"start":{"line":179,"column":25},"end":{"line":179,"column":26}},"loc":{"start":{"line":179,"column":31},"end":{"line":179,"column":59}},"line":179},"20":{"name":"(anonymous_20)","decl":{"start":{"line":191,"column":23},"end":{"line":191,"column":24}},"loc":{"start":{"line":191,"column":29},"end":{"line":191,"column":62}},"line":191},"21":{"name":"(anonymous_21)","decl":{"start":{"line":203,"column":33},"end":{"line":203,"column":34}},"loc":{"start":{"line":204,"column":18},"end":{"line":212,"column":20}},"line":204},"22":{"name":"(anonymous_22)","decl":{"start":{"line":210,"column":29},"end":{"line":210,"column":30}},"loc":{"start":{"line":210,"column":35},"end":{"line":210,"column":57}},"line":210},"23":{"name":"(anonymous_23)","decl":{"start":{"line":211,"column":33},"end":{"line":211,"column":34}},"loc":{"start":{"line":211,"column":39},"end":{"line":211,"column":62}},"line":211},"24":{"name":"(anonymous_24)","decl":{"start":{"line":223,"column":33},"end":{"line":223,"column":34}},"loc":{"start":{"line":223,"column":40},"end":{"line":223,"column":79}},"line":223}},"branchMap":{"0":{"loc":{"start":{"line":68,"column":27},"end":{"line":68,"column":60}},"type":"cond-expr","locations":[{"start":{"line":68,"column":36},"end":{"line":68,"column":48}},{"start":{"line":68,"column":51},"end":{"line":68,"column":60}}],"line":68},"1":{"loc":{"start":{"line":69,"column":23},"end":{"line":69,"column":48}},"type":"cond-expr","locations":[{"start":{"line":69,"column":32},"end":{"line":69,"column":37}},{"start":{"line":69,"column":40},"end":{"line":69,"column":48}}],"line":69},"2":{"loc":{"start":{"line":75,"column":46},"end":{"line":75,"column":78}},"type":"cond-expr","locations":[{"start":{"line":75,"column":55},"end":{"line":75,"column":60}},{"start":{"line":75,"column":63},"end":{"line":75,"column":78}}],"line":75},"3":{"loc":{"start":{"line":88,"column":62},"end":{"line":88,"column":90}},"type":"binary-expr","locations":[{"start":{"line":88,"column":62},"end":{"line":88,"column":74}},{"start":{"line":88,"column":78},"end":{"line":88,"column":90}}],"line":88},"4":{"loc":{"start":{"line":89,"column":40},"end":{"line":89,"column":57}},"type":"binary-expr","locations":[{"start":{"line":89,"column":40},"end":{"line":89,"column":49}},{"start":{"line":89,"column":53},"end":{"line":89,"column":57}}],"line":89},"5":{"loc":{"start":{"line":92,"column":50},"end":{"line":92,"column":70}},"type":"binary-expr","locations":[{"start":{"line":92,"column":50},"end":{"line":92,"column":60}},{"start":{"line":92,"column":64},"end":{"line":92,"column":70}}],"line":92},"6":{"loc":{"start":{"line":93,"column":13},"end":{"line":93,"column":45}},"type":"binary-expr","locations":[{"start":{"line":93,"column":13},"end":{"line":93,"column":26}},{"start":{"line":93,"column":30},"end":{"line":93,"column":45}}],"line":93},"7":{"loc":{"start":{"line":95,"column":9},"end":{"line":99,"column":16}},"type":"cond-expr","locations":[{"start":{"line":96,"column":10},"end":{"line":98,"column":17}},{"start":{"line":99,"column":12},"end":{"line":99,"column":16}}],"line":95},"8":{"loc":{"start":{"line":125,"column":4},"end":{"line":125,"column":53}},"type":"if","locations":[{"start":{"line":125,"column":4},"end":{"line":125,"column":53}},{"start":{},"end":{}}],"line":125},"9":{"loc":{"start":{"line":130,"column":6},"end":{"line":133,"column":7}},"type":"if","locations":[{"start":{"line":130,"column":6},"end":{"line":133,"column":7}},{"start":{},"end":{}}],"line":130},"10":{"loc":{"start":{"line":148,"column":86},"end":{"line":148,"column":107}},"type":"binary-expr","locations":[{"start":{"line":148,"column":86},"end":{"line":148,"column":101}},{"start":{"line":148,"column":105},"end":{"line":148,"column":107}}],"line":148},"11":{"loc":{"start":{"line":170,"column":9},"end":{"line":183,"column":9}},"type":"binary-expr","locations":[{"start":{"line":170,"column":9},"end":{"line":170,"column":28}},{"start":{"line":171,"column":10},"end":{"line":182,"column":23}}],"line":170},"12":{"loc":{"start":{"line":175,"column":22},"end":{"line":175,"column":54}},"type":"binary-expr","locations":[{"start":{"line":175,"column":22},"end":{"line":175,"column":38}},{"start":{"line":175,"column":42},"end":{"line":175,"column":54}}],"line":175},"13":{"loc":{"start":{"line":185,"column":9},"end":{"line":227,"column":9}},"type":"cond-expr","locations":[{"start":{"line":186,"column":10},"end":{"line":195,"column":17}},{"start":{"line":197,"column":10},"end":{"line":226,"column":13}}],"line":185},"14":{"loc":{"start":{"line":220,"column":15},"end":{"line":224,"column":15}},"type":"cond-expr","locations":[{"start":{"line":221,"column":16},"end":{"line":221,"column":106}},{"start":{"line":223,"column":16},"end":{"line":223,"column":80}}],"line":220}},"s":{"0":0,"1":0,"2":0,"3":0,"4":0,"5":0,"6":0,"7":0,"8":0,"9":0,"10":0,"11":0,"12":0,"13":0,"14":0,"15":0,"16":0,"17":0,"18":0,"19":0,"20":0,"21":0,"22":0,"23":0,"24":0,"25":0,"26":0,"27":0,"28":0,"29":0,"30":0,"31":0,"32":0,"33":0,"34":0,"35":0,"36":0,"37":0,"38":0,"39":0,"40":0,"41":0,"42":0,"43":0,"44":0,"45":0,"46":0,"47":0,"48":0,"49":0,"50":0,"51":0,"52":0,"53":0,"54":0,"55":0},"f":{"0":0,"1":0,"2":0,"3":0,"4":0,"5":0,"6":0,"7":0,"8":0,"9":0,"10":0,"11":0,"12":0,"13":0,"14":0,"15":0,"16":0,"17":0,"18":0,"19":0,"20":0,"21":0,"22":0,"23":0,"24":0},"b":{"0":[0,0],"1":[0,0],"2":[0,0],"3":[0,0],"4":[0,0],"5":[0,0],"6":[0,0],"7":[0,0],"8":[0,0],"9":[0,0],"10":[0,0],"11":[0,0],"12":[0,0],"13":[0,0],"14":[0,0]}}
,"C:\\programming\\love-tracker\\mobile\\src\\app\\(tabs)\\settings.tsx": {"path":"C:\\programming\\love-tracker\\mobile\\src\\app\\(tabs)\\settings.tsx","statementMap":{"0":{"start":{"line":17,"column":20},"end":{"line":17,"column":30}},"1":{"start":{"line":18,"column":2},"end":{"line":18,"column":110}},"2":{"start":{"line":22,"column":20},"end":{"line":22,"column":30}},"3":{"start":{"line":23,"column":12},"end":{"line":23,"column":24}},"4":{"start":{"line":24,"column":2},"end":{"line":32,"column":4}},"5":{"start":{"line":36,"column":20},"end":{"line":36,"column":30}},"6":{"start":{"line":37,"column":12},"end":{"line":37,"column":24}},"7":{"start":{"line":38,"column":16},"end":{"line":38,"column":32}},"8":{"start":{"line":39,"column":15},"end":{"line":39,"column":29}},"9":{"start":{"line":41,"column":28},"end":{"line":41,"column":40}},"10":{"start":{"line":42,"column":34},"end":{"line":42,"column":46}},"11":{"start":{"line":43,"column":28},"end":{"line":43,"column":40}},"12":{"start":{"line":44,"column":44},"end":{"line":44,"column":59}},"13":{"start":{"line":45,"column":34},"end":{"line":45,"column":46}},"14":{"start":{"line":46,"column":38},"end":{"line":46,"column":67}},"15":{"start":{"line":47,"column":48},"end":{"line":47,"column":77}},"16":{"start":{"line":48,"column":42},"end":{"line":48,"column":56}},"17":{"start":{"line":50,"column":24},"end":{"line":50,"column":89}},"18":{"start":{"line":50,"column":46},"end":{"line":50,"column":56}},"19":{"start":{"line":50,"column":70},"end":{"line":50,"column":88}},"20":{"start":{"line":52,"column":2},"end":{"line":62,"column":19}},"21":{"start":{"line":54,"column":4},"end":{"line":58,"column":5}},"22":{"start":{"line":55,"column":6},"end":{"line":57,"column":16}},"23":{"start":{"line":56,"column":8},"end":{"line":56,"column":20}},"24":{"start":{"line":59,"column":4},"end":{"line":61,"column":6}},"25":{"start":{"line":60,"column":6},"end":{"line":60,"column":44}},"26":{"start":{"line":60,"column":20},"end":{"line":60,"column":44}},"27":{"start":{"line":64,"column":21},"end":{"line":74,"column":3}},"28":{"start":{"line":65,"column":4},"end":{"line":73,"column":5}},"29":{"start":{"line":66,"column":6},"end":{"line":70,"column":7}},"30":{"start":{"line":67,"column":8},"end":{"line":67,"column":52}},"31":{"start":{"line":69,"column":8},"end":{"line":69,"column":42}},"32":{"start":{"line":72,"column":6},"end":{"line":72,"column":40}},"33":{"start":{"line":76,"column":21},"end":{"line":85,"column":3}},"34":{"start":{"line":77,"column":4},"end":{"line":84,"column":5}},"35":{"start":{"line":78,"column":6},"end":{"line":78,"column":84}},"36":{"start":{"line":79,"column":6},"end":{"line":79,"column":22}},"37":{"start":{"line":80,"column":6},"end":{"line":80,"column":31}},"38":{"start":{"line":81,"column":6},"end":{"line":81,"column":28}},"39":{"start":{"line":83,"column":6},"end":{"line":83,"column":40}},"40":{"start":{"line":87,"column":31},"end":{"line":94,"column":3}},"41":{"start":{"line":88,"column":4},"end":{"line":93,"column":5}},"42":{"start":{"line":89,"column":19},"end":{"line":89,"column":46}},"43":{"start":{"line":90,"column":6},"end":{"line":90,"column":26}},"44":{"start":{"line":92,"column":6},"end":{"line":92,"column":40}},"45":{"start":{"line":96,"column":23},"end":{"line":105,"column":3}},"46":{"start":{"line":97,"column":4},"end":{"line":104,"column":6}},"47":{"start":{"line":102,"column":75},"end":{"line":102,"column":97}},"48":{"start":{"line":107,"column":30},"end":{"line":122,"column":3}},"49":{"start":{"line":108,"column":4},"end":{"line":121,"column":6}},"50":{"start":{"line":114,"column":10},"end":{"line":118,"column":11}},"51":{"start":{"line":115,"column":12},"end":{"line":115,"column":39}},"52":{"start":{"line":117,"column":12},"end":{"line":117,"column":46}},"53":{"start":{"line":124,"column":2},"end":{"line":172,"column":3}},"54":{"start":{"line":125,"column":4},"end":{"line":171,"column":6}},"55":{"start":{"line":164,"column":43},"end":{"line":164,"column":75}},"56":{"start":{"line":174,"column":2},"end":{"line":304,"column":4}},"57":{"start":{"line":178,"column":122},"end":{"line":178,"column":143}},"58":{"start":{"line":193,"column":14},"end":{"line":204,"column":27}},"59":{"start":{"line":200,"column":51},"end":{"line":200,"column":78}},"60":{"start":{"line":237,"column":33},"end":{"line":237,"column":57}},"61":{"start":{"line":243,"column":18},"end":{"line":249,"column":37}},"62":{"start":{"line":245,"column":35},"end":{"line":245,"column":60}},"63":{"start":{"line":287,"column":27},"end":{"line":287,"column":38}},"64":{"start":{"line":312,"column":20},"end":{"line":312,"column":30}},"65":{"start":{"line":313,"column":12},"end":{"line":313,"column":24}},"66":{"start":{"line":314,"column":16},"end":{"line":314,"column":32}},"67":{"start":{"line":315,"column":15},"end":{"line":315,"column":29}},"68":{"start":{"line":316,"column":54},"end":{"line":316,"column":68}},"69":{"start":{"line":318,"column":38},"end":{"line":318,"column":70}},"70":{"start":{"line":319,"column":38},"end":{"line":319,"column":94}},"71":{"start":{"line":321,"column":24},"end":{"line":321,"column":70}},"72":{"start":{"line":321,"column":48},"end":{"line":321,"column":69}},"73":{"start":{"line":322,"column":2},"end":{"line":322,"column":50}},"74":{"start":{"line":322,"column":38},"end":{"line":322,"column":50}},"75":{"start":{"line":324,"column":19},"end":{"line":324,"column":84}},"76":{"start":{"line":324,"column":36},"end":{"line":324,"column":84}},"77":{"start":{"line":326,"column":27},"end":{"line":338,"column":3}},"78":{"start":{"line":327,"column":61},"end":{"line":327,"column":83}},"79":{"start":{"line":328,"column":4},"end":{"line":328,"column":27}},"80":{"start":{"line":329,"column":4},"end":{"line":329,"column":27}},"81":{"start":{"line":330,"column":4},"end":{"line":330,"column":24}},"82":{"start":{"line":331,"column":4},"end":{"line":337,"column":6}},"83":{"start":{"line":340,"column":25},"end":{"line":348,"column":3}},"84":{"start":{"line":341,"column":17},"end":{"line":341,"column":30}},"85":{"start":{"line":342,"column":4},"end":{"line":347,"column":5}},"86":{"start":{"line":343,"column":6},"end":{"line":343,"column":85}},"87":{"start":{"line":344,"column":6},"end":{"line":344,"column":43}},"88":{"start":{"line":346,"column":6},"end":{"line":346,"column":38}},"89":{"start":{"line":350,"column":2},"end":{"line":443,"column":4}},"90":{"start":{"line":360,"column":12},"end":{"line":378,"column":19}},"91":{"start":{"line":366,"column":31},"end":{"line":366,"column":49}},"92":{"start":{"line":400,"column":30},"end":{"line":400,"column":49}},"93":{"start":{"line":409,"column":36},"end":{"line":409,"column":44}},"94":{"start":{"line":411,"column":35},"end":{"line":411,"column":80}},"95":{"start":{"line":412,"column":16},"end":{"line":430,"column":18}},"96":{"start":{"line":415,"column":35},"end":{"line":415,"column":92}},"97":{"start":{"line":434,"column":29},"end":{"line":434,"column":48}},"98":{"start":{"line":447,"column":40},"end":{"line":447,"column":50}},"99":{"start":{"line":448,"column":12},"end":{"line":448,"column":24}},"100":{"start":{"line":449,"column":22},"end":{"line":449,"column":38}},"101":{"start":{"line":450,"column":75},"end":{"line":450,"column":91}},"102":{"start":{"line":451,"column":41},"end":{"line":451,"column":71}},"103":{"start":{"line":452,"column":37},"end":{"line":452,"column":59}},"104":{"start":{"line":454,"column":26},"end":{"line":457,"column":3}},"105":{"start":{"line":455,"column":4},"end":{"line":455,"column":27}},"106":{"start":{"line":456,"column":4},"end":{"line":456,"column":22}},"107":{"start":{"line":459,"column":24},"end":{"line":462,"column":3}},"108":{"start":{"line":460,"column":4},"end":{"line":460,"column":29}},"109":{"start":{"line":461,"column":4},"end":{"line":461,"column":28}},"110":{"start":{"line":464,"column":26},"end":{"line":469,"column":3}},"111":{"start":{"line":471,"column":20},"end":{"line":474,"column":3}},"112":{"start":{"line":476,"column":2},"end":{"line":567,"column":4}},"113":{"start":{"line":492,"column":16},"end":{"line":498,"column":35}},"114":{"start":{"line":494,"column":33},"end":{"line":494,"column":57}},"115":{"start":{"line":508,"column":12},"end":{"line":524,"column":31}},"116":{"start":{"line":510,"column":29},"end":{"line":510,"column":57}},"117":{"start":{"line":532,"column":12},"end":{"line":541,"column":25}},"118":{"start":{"line":534,"column":31},"end":{"line":534,"column":53}},"119":{"start":{"line":556,"column":29},"end":{"line":556,"column":114}},"120":{"start":{"line":570,"column":15},"end":{"line":628,"column":2}}},"fnMap":{"0":{"name":"SectionHeader","decl":{"start":{"line":16,"column":9},"end":{"line":16,"column":22}},"loc":{"start":{"line":16,"column":53},"end":{"line":19,"column":1}},"line":16},"1":{"name":"SettingRow","decl":{"start":{"line":21,"column":9},"end":{"line":21,"column":19}},"loc":{"start":{"line":21,"column":131},"end":{"line":33,"column":1}},"line":21},"2":{"name":"PartnerSyncSection","decl":{"start":{"line":35,"column":9},"end":{"line":35,"column":27}},"loc":{"start":{"line":35,"column":30},"end":{"line":305,"column":1}},"line":35},"3":{"name":"(anonymous_3)","decl":{"start":{"line":50,"column":41},"end":{"line":50,"column":42}},"loc":{"start":{"line":50,"column":46},"end":{"line":50,"column":56}},"line":50},"4":{"name":"(anonymous_4)","decl":{"start":{"line":50,"column":65},"end":{"line":50,"column":66}},"loc":{"start":{"line":50,"column":70},"end":{"line":50,"column":88}},"line":50},"5":{"name":"(anonymous_5)","decl":{"start":{"line":52,"column":18},"end":{"line":52,"column":19}},"loc":{"start":{"line":52,"column":24},"end":{"line":62,"column":3}},"line":52},"6":{"name":"(anonymous_6)","decl":{"start":{"line":55,"column":29},"end":{"line":55,"column":30}},"loc":{"start":{"line":55,"column":35},"end":{"line":57,"column":7}},"line":55},"7":{"name":"(anonymous_7)","decl":{"start":{"line":59,"column":11},"end":{"line":59,"column":12}},"loc":{"start":{"line":59,"column":17},"end":{"line":61,"column":5}},"line":59},"8":{"name":"(anonymous_8)","decl":{"start":{"line":64,"column":21},"end":{"line":64,"column":22}},"loc":{"start":{"line":64,"column":33},"end":{"line":74,"column":3}},"line":64},"9":{"name":"(anonymous_9)","decl":{"start":{"line":76,"column":21},"end":{"line":76,"column":22}},"loc":{"start":{"line":76,"column":33},"end":{"line":85,"column":3}},"line":76},"10":{"name":"(anonymous_10)","decl":{"start":{"line":87,"column":31},"end":{"line":87,"column":32}},"loc":{"start":{"line":87,"column":43},"end":{"line":94,"column":3}},"line":87},"11":{"name":"(anonymous_11)","decl":{"start":{"line":96,"column":23},"end":{"line":96,"column":24}},"loc":{"start":{"line":96,"column":68},"end":{"line":105,"column":3}},"line":96},"12":{"name":"(anonymous_12)","decl":{"start":{"line":102,"column":69},"end":{"line":102,"column":70}},"loc":{"start":{"line":102,"column":75},"end":{"line":102,"column":97}},"line":102},"13":{"name":"(anonymous_13)","decl":{"start":{"line":107,"column":30},"end":{"line":107,"column":31}},"loc":{"start":{"line":107,"column":36},"end":{"line":122,"column":3}},"line":107},"14":{"name":"(anonymous_14)","decl":{"start":{"line":113,"column":67},"end":{"line":113,"column":68}},"loc":{"start":{"line":113,"column":79},"end":{"line":119,"column":9}},"line":113},"15":{"name":"(anonymous_15)","decl":{"start":{"line":164,"column":37},"end":{"line":164,"column":38}},"loc":{"start":{"line":164,"column":43},"end":{"line":164,"column":75}},"line":164},"16":{"name":"(anonymous_16)","decl":{"start":{"line":178,"column":117},"end":{"line":178,"column":118}},"loc":{"start":{"line":178,"column":122},"end":{"line":178,"column":143}},"line":178},"17":{"name":"(anonymous_17)","decl":{"start":{"line":192,"column":31},"end":{"line":192,"column":32}},"loc":{"start":{"line":193,"column":14},"end":{"line":204,"column":27}},"line":193},"18":{"name":"(anonymous_18)","decl":{"start":{"line":200,"column":45},"end":{"line":200,"column":46}},"loc":{"start":{"line":200,"column":51},"end":{"line":200,"column":78}},"line":200},"19":{"name":"(anonymous_19)","decl":{"start":{"line":237,"column":27},"end":{"line":237,"column":28}},"loc":{"start":{"line":237,"column":33},"end":{"line":237,"column":57}},"line":237},"20":{"name":"(anonymous_20)","decl":{"start":{"line":242,"column":35},"end":{"line":242,"column":36}},"loc":{"start":{"line":243,"column":18},"end":{"line":249,"column":37}},"line":243},"21":{"name":"(anonymous_21)","decl":{"start":{"line":245,"column":29},"end":{"line":245,"column":30}},"loc":{"start":{"line":245,"column":35},"end":{"line":245,"column":60}},"line":245},"22":{"name":"(anonymous_22)","decl":{"start":{"line":287,"column":21},"end":{"line":287,"column":22}},"loc":{"start":{"line":287,"column":27},"end":{"line":287,"column":38}},"line":287},"23":{"name":"PokeSection","decl":{"start":{"line":311,"column":9},"end":{"line":311,"column":20}},"loc":{"start":{"line":311,"column":23},"end":{"line":444,"column":1}},"line":311},"24":{"name":"(anonymous_24)","decl":{"start":{"line":321,"column":43},"end":{"line":321,"column":44}},"loc":{"start":{"line":321,"column":48},"end":{"line":321,"column":69}},"line":321},"25":{"name":"(anonymous_25)","decl":{"start":{"line":324,"column":19},"end":{"line":324,"column":20}},"loc":{"start":{"line":324,"column":36},"end":{"line":324,"column":84}},"line":324},"26":{"name":"(anonymous_26)","decl":{"start":{"line":326,"column":27},"end":{"line":326,"column":28}},"loc":{"start":{"line":326,"column":75},"end":{"line":338,"column":3}},"line":326},"27":{"name":"(anonymous_27)","decl":{"start":{"line":340,"column":25},"end":{"line":340,"column":26}},"loc":{"start":{"line":340,"column":37},"end":{"line":348,"column":3}},"line":340},"28":{"name":"(anonymous_28)","decl":{"start":{"line":359,"column":36},"end":{"line":359,"column":37}},"loc":{"start":{"line":360,"column":12},"end":{"line":378,"column":19}},"line":360},"29":{"name":"(anonymous_29)","decl":{"start":{"line":366,"column":25},"end":{"line":366,"column":26}},"loc":{"start":{"line":366,"column":31},"end":{"line":366,"column":49}},"line":366},"30":{"name":"(anonymous_30)","decl":{"start":{"line":400,"column":24},"end":{"line":400,"column":25}},"loc":{"start":{"line":400,"column":30},"end":{"line":400,"column":49}},"line":400},"31":{"name":"(anonymous_31)","decl":{"start":{"line":409,"column":28},"end":{"line":409,"column":29}},"loc":{"start":{"line":409,"column":36},"end":{"line":409,"column":44}},"line":409},"32":{"name":"(anonymous_32)","decl":{"start":{"line":410,"column":26},"end":{"line":410,"column":27}},"loc":{"start":{"line":410,"column":40},"end":{"line":431,"column":15}},"line":410},"33":{"name":"(anonymous_33)","decl":{"start":{"line":415,"column":29},"end":{"line":415,"column":30}},"loc":{"start":{"line":415,"column":35},"end":{"line":415,"column":92}},"line":415},"34":{"name":"(anonymous_34)","decl":{"start":{"line":434,"column":23},"end":{"line":434,"column":24}},"loc":{"start":{"line":434,"column":29},"end":{"line":434,"column":48}},"line":434},"35":{"name":"SettingsScreen","decl":{"start":{"line":446,"column":9},"end":{"line":446,"column":23}},"loc":{"start":{"line":446,"column":26},"end":{"line":568,"column":1}},"line":446},"36":{"name":"(anonymous_36)","decl":{"start":{"line":454,"column":26},"end":{"line":454,"column":27}},"loc":{"start":{"line":454,"column":44},"end":{"line":457,"column":3}},"line":454},"37":{"name":"(anonymous_37)","decl":{"start":{"line":459,"column":24},"end":{"line":459,"column":25}},"loc":{"start":{"line":459,"column":45},"end":{"line":462,"column":3}},"line":459},"38":{"name":"(anonymous_38)","decl":{"start":{"line":491,"column":35},"end":{"line":491,"column":36}},"loc":{"start":{"line":492,"column":16},"end":{"line":498,"column":35}},"line":492},"39":{"name":"(anonymous_39)","decl":{"start":{"line":494,"column":27},"end":{"line":494,"column":28}},"loc":{"start":{"line":494,"column":33},"end":{"line":494,"column":57}},"line":494},"40":{"name":"(anonymous_40)","decl":{"start":{"line":507,"column":39},"end":{"line":507,"column":40}},"loc":{"start":{"line":508,"column":12},"end":{"line":524,"column":31}},"line":508},"41":{"name":"(anonymous_41)","decl":{"start":{"line":510,"column":23},"end":{"line":510,"column":24}},"loc":{"start":{"line":510,"column":29},"end":{"line":510,"column":57}},"line":510},"42":{"name":"(anonymous_42)","decl":{"start":{"line":531,"column":25},"end":{"line":531,"column":26}},"loc":{"start":{"line":532,"column":12},"end":{"line":541,"column":25}},"line":532},"43":{"name":"(anonymous_43)","decl":{"start":{"line":534,"column":25},"end":{"line":534,"column":26}},"loc":{"start":{"line":534,"column":31},"end":{"line":534,"column":53}},"line":534},"44":{"name":"(anonymous_44)","decl":{"start":{"line":556,"column":23},"end":{"line":556,"column":24}},"loc":{"start":{"line":556,"column":29},"end":{"line":556,"column":114}},"line":556}},"branchMap":{"0":{"loc":{"start":{"line":25,"column":51},"end":{"line":25,"column":82}},"type":"cond-expr","locations":[{"start":{"line":25,"column":58},"end":{"line":25,"column":71}},{"start":{"line":25,"column":74},"end":{"line":25,"column":82}}],"line":25},"1":{"loc":{"start":{"line":28,"column":9},"end":{"line":28,"column":85}},"type":"binary-expr","locations":[{"start":{"line":28,"column":9},"end":{"line":28,"column":13}},{"start":{"line":28,"column":17},"end":{"line":28,"column":85}}],"line":28},"2":{"loc":{"start":{"line":54,"column":4},"end":{"line":58,"column":5}},"type":"if","locations":[{"start":{"line":54,"column":4},"end":{"line":58,"column":5}},{"start":{},"end":{}}],"line":54},"3":{"loc":{"start":{"line":60,"column":6},"end":{"line":60,"column":44}},"type":"if","locations":[{"start":{"line":60,"column":6},"end":{"line":60,"column":44}},{"start":{},"end":{}}],"line":60},"4":{"loc":{"start":{"line":66,"column":6},"end":{"line":70,"column":7}},"type":"if","locations":[{"start":{"line":66,"column":6},"end":{"line":70,"column":7}},{"start":{"line":68,"column":13},"end":{"line":70,"column":7}}],"line":66},"5":{"loc":{"start":{"line":78,"column":40},"end":{"line":78,"column":68}},"type":"binary-expr","locations":[{"start":{"line":78,"column":40},"end":{"line":78,"column":55}},{"start":{"line":78,"column":59},"end":{"line":78,"column":68}}],"line":78},"6":{"loc":{"start":{"line":124,"column":2},"end":{"line":172,"column":3}},"type":"if","locations":[{"start":{"line":124,"column":2},"end":{"line":172,"column":3}},{"start":{},"end":{}}],"line":124},"7":{"loc":{"start":{"line":130,"column":13},"end":{"line":130,"column":70}},"type":"cond-expr","locations":[{"start":{"line":130,"column":29},"end":{"line":130,"column":52}},{"start":{"line":130,"column":55},"end":{"line":130,"column":70}}],"line":130},"8":{"loc":{"start":{"line":140,"column":11},"end":{"line":148,"column":11}},"type":"binary-expr","locations":[{"start":{"line":140,"column":11},"end":{"line":140,"column":24}},{"start":{"line":141,"column":12},"end":{"line":147,"column":14}}],"line":140},"9":{"loc":{"start":{"line":162,"column":13},"end":{"line":162,"column":141}},"type":"cond-expr","locations":[{"start":{"line":162,"column":30},"end":{"line":162,"column":64}},{"start":{"line":162,"column":67},"end":{"line":162,"column":141}}],"line":162},"10":{"loc":{"start":{"line":162,"column":97},"end":{"line":162,"column":133}},"type":"cond-expr","locations":[{"start":{"line":162,"column":113},"end":{"line":162,"column":123}},{"start":{"line":162,"column":126},"end":{"line":162,"column":133}}],"line":162},"11":{"loc":{"start":{"line":166,"column":15},"end":{"line":166,"column":93}},"type":"cond-expr","locations":[{"start":{"line":166,"column":31},"end":{"line":166,"column":63}},{"start":{"line":166,"column":66},"end":{"line":166,"column":93}}],"line":166},"12":{"loc":{"start":{"line":190,"column":9},"end":{"line":207,"column":9}},"type":"binary-expr","locations":[{"start":{"line":190,"column":9},"end":{"line":190,"column":33}},{"start":{"line":191,"column":10},"end":{"line":206,"column":17}}],"line":190},"13":{"loc":{"start":{"line":196,"column":22},"end":{"line":196,"column":95}},"type":"cond-expr","locations":[{"start":{"line":196,"column":46},"end":{"line":196,"column":70}},{"start":{"line":196,"column":73},"end":{"line":196,"column":95}}],"line":196},"14":{"loc":{"start":{"line":197,"column":22},"end":{"line":197,"column":69}},"type":"binary-expr","locations":[{"start":{"line":197,"column":22},"end":{"line":197,"column":54}},{"start":{"line":197,"column":58},"end":{"line":197,"column":69}}],"line":197},"15":{"loc":{"start":{"line":199,"column":17},"end":{"line":203,"column":17}},"type":"binary-expr","locations":[{"start":{"line":199,"column":17},"end":{"line":199,"column":38}},{"start":{"line":200,"column":18},"end":{"line":202,"column":37}}],"line":199},"16":{"loc":{"start":{"line":212,"column":11},"end":{"line":226,"column":11}},"type":"cond-expr","locations":[{"start":{"line":213,"column":12},"end":{"line":221,"column":19}},{"start":{"line":223,"column":12},"end":{"line":225,"column":31}}],"line":212},"17":{"loc":{"start":{"line":232,"column":11},"end":{"line":268,"column":11}},"type":"binary-expr","locations":[{"start":{"line":232,"column":11},"end":{"line":232,"column":35}},{"start":{"line":233,"column":12},"end":{"line":267,"column":19}}],"line":232},"18":{"loc":{"start":{"line":238,"column":54},"end":{"line":238,"column":93}},"type":"cond-expr","locations":[{"start":{"line":238,"column":73},"end":{"line":238,"column":82}},{"start":{"line":238,"column":85},"end":{"line":238,"column":93}}],"line":238},"19":{"loc":{"start":{"line":238,"column":112},"end":{"line":238,"column":163}},"type":"cond-expr","locations":[{"start":{"line":238,"column":131},"end":{"line":238,"column":147}},{"start":{"line":238,"column":150},"end":{"line":238,"column":163}}],"line":238},"20":{"loc":{"start":{"line":240,"column":40},"end":{"line":240,"column":82}},"type":"cond-expr","locations":[{"start":{"line":240,"column":59},"end":{"line":240,"column":68}},{"start":{"line":240,"column":71},"end":{"line":240,"column":82}}],"line":240},"21":{"loc":{"start":{"line":246,"column":56},"end":{"line":246,"column":104}},"type":"cond-expr","locations":[{"start":{"line":246,"column":84},"end":{"line":246,"column":93}},{"start":{"line":246,"column":96},"end":{"line":246,"column":104}}],"line":246},"22":{"loc":{"start":{"line":246,"column":123},"end":{"line":246,"column":183}},"type":"cond-expr","locations":[{"start":{"line":246,"column":151},"end":{"line":246,"column":167}},{"start":{"line":246,"column":170},"end":{"line":246,"column":183}}],"line":246},"23":{"loc":{"start":{"line":248,"column":42},"end":{"line":248,"column":93}},"type":"cond-expr","locations":[{"start":{"line":248,"column":70},"end":{"line":248,"column":79}},{"start":{"line":248,"column":82},"end":{"line":248,"column":93}}],"line":248},"24":{"loc":{"start":{"line":253,"column":15},"end":{"line":266,"column":15}},"type":"binary-expr","locations":[{"start":{"line":253,"column":15},"end":{"line":253,"column":30}},{"start":{"line":254,"column":16},"end":{"line":265,"column":23}}],"line":253},"25":{"loc":{"start":{"line":291,"column":13},"end":{"line":296,"column":13}},"type":"cond-expr","locations":[{"start":{"line":291,"column":30},"end":{"line":291,"column":64}},{"start":{"line":292,"column":14},"end":{"line":295,"column":17}}],"line":291},"26":{"loc":{"start":{"line":299,"column":26},"end":{"line":299,"column":104}},"type":"cond-expr","locations":[{"start":{"line":299,"column":50},"end":{"line":299,"column":94}},{"start":{"line":299,"column":97},"end":{"line":299,"column":104}}],"line":299},"27":{"loc":{"start":{"line":322,"column":2},"end":{"line":322,"column":50}},"type":"if","locations":[{"start":{"line":322,"column":2},"end":{"line":322,"column":50}},{"start":{},"end":{}}],"line":322},"28":{"loc":{"start":{"line":322,"column":6},"end":{"line":322,"column":36}},"type":"binary-expr","locations":[{"start":{"line":322,"column":6},"end":{"line":322,"column":18}},{"start":{"line":322,"column":22},"end":{"line":322,"column":36}}],"line":322},"29":{"loc":{"start":{"line":387,"column":13},"end":{"line":389,"column":116}},"type":"cond-expr","locations":[{"start":{"line":388,"column":16},"end":{"line":388,"column":55}},{"start":{"line":389,"column":16},"end":{"line":389,"column":116}}],"line":387},"30":{"loc":{"start":{"line":405,"column":41},"end":{"line":405,"column":56}},"type":"binary-expr","locations":[{"start":{"line":405,"column":41},"end":{"line":405,"column":51}},{"start":{"line":405,"column":55},"end":{"line":405,"column":56}}],"line":405},"31":{"loc":{"start":{"line":411,"column":46},"end":{"line":411,"column":61}},"type":"binary-expr","locations":[{"start":{"line":411,"column":46},"end":{"line":411,"column":56}},{"start":{"line":411,"column":60},"end":{"line":411,"column":61}}],"line":411},"32":{"loc":{"start":{"line":415,"column":35},"end":{"line":415,"column":92}},"type":"binary-expr","locations":[{"start":{"line":415,"column":35},"end":{"line":415,"column":54}},{"start":{"line":415,"column":58},"end":{"line":415,"column":92}}],"line":415},"33":{"loc":{"start":{"line":418,"column":70},"end":{"line":418,"column":115}},"type":"cond-expr","locations":[{"start":{"line":418,"column":83},"end":{"line":418,"column":99}},{"start":{"line":418,"column":102},"end":{"line":418,"column":115}}],"line":418},"34":{"loc":{"start":{"line":424,"column":56},"end":{"line":424,"column":87}},"type":"cond-expr","locations":[{"start":{"line":424,"column":69},"end":{"line":424,"column":78}},{"start":{"line":424,"column":81},"end":{"line":424,"column":87}}],"line":424},"35":{"loc":{"start":{"line":428,"column":21},"end":{"line":428,"column":78}},"type":"binary-expr","locations":[{"start":{"line":428,"column":21},"end":{"line":428,"column":31}},{"start":{"line":428,"column":35},"end":{"line":428,"column":78}}],"line":428},"36":{"loc":{"start":{"line":495,"column":54},"end":{"line":495,"column":98}},"type":"cond-expr","locations":[{"start":{"line":495,"column":78},"end":{"line":495,"column":87}},{"start":{"line":495,"column":90},"end":{"line":495,"column":98}}],"line":495},"37":{"loc":{"start":{"line":495,"column":117},"end":{"line":495,"column":173}},"type":"cond-expr","locations":[{"start":{"line":495,"column":141},"end":{"line":495,"column":157}},{"start":{"line":495,"column":160},"end":{"line":495,"column":173}}],"line":495},"38":{"loc":{"start":{"line":497,"column":40},"end":{"line":497,"column":87}},"type":"cond-expr","locations":[{"start":{"line":497,"column":64},"end":{"line":497,"column":73}},{"start":{"line":497,"column":76},"end":{"line":497,"column":87}}],"line":497},"39":{"loc":{"start":{"line":513,"column":67},"end":{"line":513,"column":125}},"type":"cond-expr","locations":[{"start":{"line":513,"column":89},"end":{"line":513,"column":106}},{"start":{"line":513,"column":109},"end":{"line":513,"column":125}}],"line":513},"40":{"loc":{"start":{"line":519,"column":15},"end":{"line":523,"column":15}},"type":"binary-expr","locations":[{"start":{"line":519,"column":15},"end":{"line":519,"column":34}},{"start":{"line":520,"column":16},"end":{"line":522,"column":23}}],"line":519},"41":{"loc":{"start":{"line":535,"column":52},"end":{"line":535,"column":102}},"type":"cond-expr","locations":[{"start":{"line":535,"column":82},"end":{"line":535,"column":91}},{"start":{"line":535,"column":94},"end":{"line":535,"column":102}}],"line":535},"42":{"loc":{"start":{"line":535,"column":121},"end":{"line":535,"column":183}},"type":"cond-expr","locations":[{"start":{"line":535,"column":151},"end":{"line":535,"column":167}},{"start":{"line":535,"column":170},"end":{"line":535,"column":183}}],"line":535},"43":{"loc":{"start":{"line":537,"column":38},"end":{"line":537,"column":91}},"type":"cond-expr","locations":[{"start":{"line":537,"column":68},"end":{"line":537,"column":77}},{"start":{"line":537,"column":80},"end":{"line":537,"column":91}}],"line":537},"44":{"loc":{"start":{"line":538,"column":19},"end":{"line":538,"column":70}},"type":"cond-expr","locations":[{"start":{"line":538,"column":49},"end":{"line":538,"column":59}},{"start":{"line":538,"column":62},"end":{"line":538,"column":70}}],"line":538}},"s":{"0":0,"1":0,"2":0,"3":0,"4":0,"5":0,"6":0,"7":0,"8":0,"9":0,"10":0,"11":0,"12":0,"13":0,"14":0,"15":0,"16":0,"17":0,"18":0,"19":0,"20":0,"21":0,"22":0,"23":0,"24":0,"25":0,"26":0,"27":0,"28":0,"29":0,"30":0,"31":0,"32":0,"33":0,"34":0,"35":0,"36":0,"37":0,"38":0,"39":0,"40":0,"41":0,"42":0,"43":0,"44":0,"45":0,"46":0,"47":0,"48":0,"49":0,"50":0,"51":0,"52":0,"53":0,"54":0,"55":0,"56":0,"57":0,"58":0,"59":0,"60":0,"61":0,"62":0,"63":0,"64":0,"65":0,"66":0,"67":0,"68":0,"69":0,"70":0,"71":0,"72":0,"73":0,"74":0,"75":0,"76":0,"77":0,"78":0,"79":0,"80":0,"81":0,"82":0,"83":0,"84":0,"85":0,"86":0,"87":0,"88":0,"89":0,"90":0,"91":0,"92":0,"93":0,"94":0,"95":0,"96":0,"97":0,"98":0,"99":0,"100":0,"101":0,"102":0,"103":0,"104":0,"105":0,"106":0,"107":0,"108":0,"109":0,"110":0,"111":0,"112":0,"113":0,"114":0,"115":0,"116":0,"117":0,"118":0,"119":0,"120":0},"f":{"0":0,"1":0,"2":0,"3":0,"4":0,"5":0,"6":0,"7":0,"8":0,"9":0,"10":0,"11":0,"12":0,"13":0,"14":0,"15":0,"16":0,"17":0,"18":0,"19":0,"20":0,"21":0,"22":0,"23":0,"24":0,"25":0,"26":0,"27":0,"28":0,"29":0,"30":0,"31":0,"32":0,"33":0,"34":0,"35":0,"36":0,"37":0,"38":0,"39":0,"40":0,"41":0,"42":0,"43":0,"44":0},"b":{"0":[0,0],"1":[0,0],"2":[0,0],"3":[0,0],"4":[0,0],"5":[0,0],"6":[0,0],"7":[0,0],"8":[0,0],"9":[0,0],"10":[0,0],"11":[0,0],"12":[0,0],"13":[0,0],"14":[0,0],"15":[0,0],"16":[0,0],"17":[0,0],"18":[0,0],"19":[0,0],"20":[0,0],"21":[0,0],"22":[0,0],"23":[0,0],"24":[0,0],"25":[0,0],"26":[0,0],"27":[0,0],"28":[0,0],"29":[0,0],"30":[0,0],"31":[0,0],"32":[0,0],"33":[0,0],"34":[0,0],"35":[0,0],"36":[0,0],"37":[0,0],"38":[0,0],"39":[0,0],"40":[0,0],"41":[0,0],"42":[0,0],"43":[0,0],"44":[0,0]}}
,"C:\\programming\\love-tracker\\mobile\\src\\app\\(tabs)\\stats.tsx": {"path":"C:\\programming\\love-tracker\\mobile\\src\\app\\(tabs)\\stats.tsx","statementMap":{"0":{"start":{"line":14,"column":20},"end":{"line":14,"column":30}},"1":{"start":{"line":15,"column":12},"end":{"line":15,"column":24}},"2":{"start":{"line":16,"column":2},"end":{"line":22,"column":4}},"3":{"start":{"line":26,"column":20},"end":{"line":26,"column":30}},"4":{"start":{"line":27,"column":12},"end":{"line":27,"column":24}},"5":{"start":{"line":28,"column":14},"end":{"line":28,"column":39}},"6":{"start":{"line":29,"column":2},"end":{"line":40,"column":4}},"7":{"start":{"line":44,"column":20},"end":{"line":44,"column":30}},"8":{"start":{"line":45,"column":12},"end":{"line":45,"column":24}},"9":{"start":{"line":46,"column":16},"end":{"line":46,"column":32}},"10":{"start":{"line":47,"column":2},"end":{"line":55,"column":4}},"11":{"start":{"line":59,"column":20},"end":{"line":59,"column":30}},"12":{"start":{"line":60,"column":12},"end":{"line":60,"column":24}},"13":{"start":{"line":61,"column":16},"end":{"line":61,"column":32}},"14":{"start":{"line":63,"column":26},"end":{"line":63,"column":68}},"15":{"start":{"line":63,"column":50},"end":{"line":63,"column":67}},"16":{"start":{"line":64,"column":17},"end":{"line":64,"column":48}},"17":{"start":{"line":64,"column":39},"end":{"line":64,"column":47}},"18":{"start":{"line":66,"column":40},"end":{"line":66,"column":76}},"19":{"start":{"line":67,"column":36},"end":{"line":67,"column":79}},"20":{"start":{"line":68,"column":40},"end":{"line":68,"column":51}},"21":{"start":{"line":70,"column":2},"end":{"line":92,"column":32}},"22":{"start":{"line":71,"column":4},"end":{"line":71,"column":33}},"23":{"start":{"line":71,"column":26},"end":{"line":71,"column":33}},"24":{"start":{"line":74,"column":6},"end":{"line":88,"column":7}},"25":{"start":{"line":75,"column":23},"end":{"line":75,"column":66}},"26":{"start":{"line":76,"column":22},"end":{"line":76,"column":96}},"27":{"start":{"line":76,"column":61},"end":{"line":76,"column":92}},"28":{"start":{"line":78,"column":53},"end":{"line":78,"column":55}},"29":{"start":{"line":79,"column":8},"end":{"line":81,"column":9}},"30":{"start":{"line":80,"column":10},"end":{"line":80,"column":82}},"31":{"start":{"line":83,"column":8},"end":{"line":83,"column":31}},"32":{"start":{"line":84,"column":8},"end":{"line":84,"column":30}},"33":{"start":{"line":85,"column":8},"end":{"line":85,"column":28}},"34":{"start":{"line":87,"column":8},"end":{"line":87,"column":59}},"35":{"start":{"line":91,"column":4},"end":{"line":91,"column":16}},"36":{"start":{"line":94,"column":19},"end":{"line":94,"column":86}},"37":{"start":{"line":94,"column":67},"end":{"line":94,"column":81}},"38":{"start":{"line":96,"column":25},"end":{"line":105,"column":14}},"39":{"start":{"line":97,"column":4},"end":{"line":97,"column":26}},"40":{"start":{"line":97,"column":17},"end":{"line":97,"column":26}},"41":{"start":{"line":98,"column":16},"end":{"line":98,"column":26}},"42":{"start":{"line":99,"column":4},"end":{"line":104,"column":14}},"43":{"start":{"line":100,"column":6},"end":{"line":100,"column":39}},"44":{"start":{"line":100,"column":26},"end":{"line":100,"column":39}},"45":{"start":{"line":101,"column":16},"end":{"line":101,"column":39}},"46":{"start":{"line":102,"column":6},"end":{"line":102,"column":36}},"47":{"start":{"line":102,"column":23},"end":{"line":102,"column":36}},"48":{"start":{"line":103,"column":6},"end":{"line":103,"column":86}},"49":{"start":{"line":107,"column":2},"end":{"line":154,"column":4}},"50":{"start":{"line":128,"column":12},"end":{"line":135,"column":14}},"51":{"start":{"line":142,"column":38},"end":{"line":142,"column":57}},"52":{"start":{"line":143,"column":12},"end":{"line":149,"column":14}},"53":{"start":{"line":157,"column":15},"end":{"line":180,"column":2}}},"fnMap":{"0":{"name":"StatCard","decl":{"start":{"line":13,"column":9},"end":{"line":13,"column":17}},"loc":{"start":{"line":13,"column":120},"end":{"line":23,"column":1}},"line":13},"1":{"name":"TypeBar","decl":{"start":{"line":25,"column":9},"end":{"line":25,"column":16}},"loc":{"start":{"line":25,"column":129},"end":{"line":41,"column":1}},"line":25},"2":{"name":"DaysSinceRow","decl":{"start":{"line":43,"column":9},"end":{"line":43,"column":21}},"loc":{"start":{"line":43,"column":121},"end":{"line":56,"column":1}},"line":43},"3":{"name":"StatsScreen","decl":{"start":{"line":58,"column":24},"end":{"line":58,"column":35}},"loc":{"start":{"line":58,"column":38},"end":{"line":155,"column":1}},"line":58},"4":{"name":"(anonymous_4)","decl":{"start":{"line":63,"column":43},"end":{"line":63,"column":44}},"loc":{"start":{"line":63,"column":50},"end":{"line":63,"column":67}},"line":63},"5":{"name":"(anonymous_5)","decl":{"start":{"line":64,"column":32},"end":{"line":64,"column":33}},"loc":{"start":{"line":64,"column":39},"end":{"line":64,"column":47}},"line":64},"6":{"name":"(anonymous_6)","decl":{"start":{"line":70,"column":12},"end":{"line":70,"column":13}},"loc":{"start":{"line":70,"column":18},"end":{"line":92,"column":3}},"line":70},"7":{"name":"loadStats","decl":{"start":{"line":73,"column":19},"end":{"line":73,"column":28}},"loc":{"start":{"line":73,"column":31},"end":{"line":89,"column":5}},"line":73},"8":{"name":"(anonymous_8)","decl":{"start":{"line":76,"column":51},"end":{"line":76,"column":52}},"loc":{"start":{"line":76,"column":61},"end":{"line":76,"column":92}},"line":76},"9":{"name":"(anonymous_9)","decl":{"start":{"line":94,"column":62},"end":{"line":94,"column":63}},"loc":{"start":{"line":94,"column":67},"end":{"line":94,"column":81}},"line":94},"10":{"name":"(anonymous_10)","decl":{"start":{"line":96,"column":33},"end":{"line":96,"column":34}},"loc":{"start":{"line":96,"column":39},"end":{"line":105,"column":3}},"line":96},"11":{"name":"(anonymous_11)","decl":{"start":{"line":99,"column":25},"end":{"line":99,"column":26}},"loc":{"start":{"line":99,"column":32},"end":{"line":104,"column":5}},"line":99},"12":{"name":"(anonymous_12)","decl":{"start":{"line":127,"column":27},"end":{"line":127,"column":28}},"loc":{"start":{"line":128,"column":12},"end":{"line":135,"column":14}},"line":128},"13":{"name":"(anonymous_13)","decl":{"start":{"line":142,"column":30},"end":{"line":142,"column":31}},"loc":{"start":{"line":142,"column":38},"end":{"line":142,"column":57}},"line":142},"14":{"name":"(anonymous_14)","decl":{"start":{"line":142,"column":63},"end":{"line":142,"column":64}},"loc":{"start":{"line":143,"column":12},"end":{"line":149,"column":14}},"line":143}},"branchMap":{"0":{"loc":{"start":{"line":20,"column":7},"end":{"line":20,"column":87}},"type":"cond-expr","locations":[{"start":{"line":20,"column":13},"end":{"line":20,"column":80}},{"start":{"line":20,"column":83},"end":{"line":20,"column":87}}],"line":20},"1":{"loc":{"start":{"line":28,"column":14},"end":{"line":28,"column":39}},"type":"cond-expr","locations":[{"start":{"line":28,"column":24},"end":{"line":28,"column":35}},{"start":{"line":28,"column":38},"end":{"line":28,"column":39}}],"line":28},"2":{"loc":{"start":{"line":51,"column":48},"end":{"line":51,"column":83}},"type":"cond-expr","locations":[{"start":{"line":51,"column":64},"end":{"line":51,"column":75}},{"start":{"line":51,"column":78},"end":{"line":51,"column":83}}],"line":51},"3":{"loc":{"start":{"line":52,"column":9},"end":{"line":52,"column":54}},"type":"cond-expr","locations":[{"start":{"line":52,"column":25},"end":{"line":52,"column":41}},{"start":{"line":52,"column":44},"end":{"line":52,"column":54}}],"line":52},"4":{"loc":{"start":{"line":71,"column":4},"end":{"line":71,"column":33}},"type":"if","locations":[{"start":{"line":71,"column":4},"end":{"line":71,"column":33}},{"start":{},"end":{}}],"line":71},"5":{"loc":{"start":{"line":76,"column":68},"end":{"line":76,"column":74}},"type":"binary-expr","locations":[{"start":{"line":76,"column":68},"end":{"line":76,"column":69}},{"start":{"line":76,"column":73},"end":{"line":76,"column":74}}],"line":76},"6":{"loc":{"start":{"line":76,"column":85},"end":{"line":76,"column":91}},"type":"binary-expr","locations":[{"start":{"line":76,"column":85},"end":{"line":76,"column":86}},{"start":{"line":76,"column":90},"end":{"line":76,"column":91}}],"line":76},"7":{"loc":{"start":{"line":94,"column":67},"end":{"line":94,"column":81}},"type":"binary-expr","locations":[{"start":{"line":94,"column":67},"end":{"line":94,"column":76}},{"start":{"line":94,"column":80},"end":{"line":94,"column":81}}],"line":94},"8":{"loc":{"start":{"line":97,"column":4},"end":{"line":97,"column":26}},"type":"if","locations":[{"start":{"line":97,"column":4},"end":{"line":97,"column":26}},{"start":{},"end":{}}],"line":97},"9":{"loc":{"start":{"line":100,"column":6},"end":{"line":100,"column":39}},"type":"if","locations":[{"start":{"line":100,"column":6},"end":{"line":100,"column":39}},{"start":{},"end":{}}],"line":100},"10":{"loc":{"start":{"line":102,"column":6},"end":{"line":102,"column":36}},"type":"if","locations":[{"start":{"line":102,"column":6},"end":{"line":102,"column":36}},{"start":{},"end":{}}],"line":102},"11":{"loc":{"start":{"line":103,"column":13},"end":{"line":103,"column":85}},"type":"binary-expr","locations":[{"start":{"line":103,"column":13},"end":{"line":103,"column":44}},{"start":{"line":103,"column":48},"end":{"line":103,"column":85}}],"line":103},"12":{"loc":{"start":{"line":132,"column":21},"end":{"line":132,"column":45}},"type":"binary-expr","locations":[{"start":{"line":132,"column":21},"end":{"line":132,"column":40}},{"start":{"line":132,"column":44},"end":{"line":132,"column":45}}],"line":132},"13":{"loc":{"start":{"line":147,"column":20},"end":{"line":147,"column":45}},"type":"binary-expr","locations":[{"start":{"line":147,"column":20},"end":{"line":147,"column":37}},{"start":{"line":147,"column":41},"end":{"line":147,"column":45}}],"line":147}},"s":{"0":0,"1":0,"2":0,"3":0,"4":0,"5":0,"6":0,"7":0,"8":0,"9":0,"10":0,"11":0,"12":0,"13":0,"14":0,"15":0,"16":0,"17":0,"18":0,"19":0,"20":0,"21":0,"22":0,"23":0,"24":0,"25":0,"26":0,"27":0,"28":0,"29":0,"30":0,"31":0,"32":0,"33":0,"34":0,"35":0,"36":0,"37":0,"38":0,"39":0,"40":0,"41":0,"42":0,"43":0,"44":0,"45":0,"46":0,"47":0,"48":0,"49":0,"50":0,"51":0,"52":0,"53":0},"f":{"0":0,"1":0,"2":0,"3":0,"4":0,"5":0
[...]
":79,"column":6},"end":{"line":82,"column":7}},"18":{"start":{"line":80,"column":32},"end":{"line":80,"column":67}},"19":{"start":{"line":81,"column":8},"end":{"line":81,"column":36}},"20":{"start":{"line":84,"column":6},"end":{"line":84,"column":55}},"21":{"start":{"line":89,"column":4},"end":{"line":89,"column":42}},"22":{"start":{"line":90,"column":4},"end":{"line":102,"column":5}},"23":{"start":{"line":91,"column":18},"end":{"line":91,"column":68}},"24":{"start":{"line":92,"column":6},"end":{"line":92,"column":62}},"25":{"start":{"line":93,"column":6},"end":{"line":93,"column":38}},"26":{"start":{"line":94,"column":6},"end":{"line":97,"column":9}},"27":{"start":{"line":98,"column":6},"end":{"line":98,"column":70}},"28":{"start":{"line":100,"column":6},"end":{"line":100,"column":52}},"29":{"start":{"line":101,"column":6},"end":{"line":101,"column":16}},"30":{"start":{"line":106,"column":4},"end":{"line":106,"column":42}},"31":{"start":{"line":107,"column":4},"end":{"line":120,"column":5}},"32":{"start":{"line":108,"column":18},"end":{"line":108,"column":58}},"33":{"start":{"line":109,"column":6},"end":{"line":109,"column":62}},"34":{"start":{"line":110,"column":6},"end":{"line":110,"column":38}},"35":{"start":{"line":111,"column":6},"end":{"line":114,"column":9}},"36":{"start":{"line":115,"column":6},"end":{"line":115,"column":70}},"37":{"start":{"line":116,"column":6},"end":{"line":116,"column":25}},"38":{"start":{"line":118,"column":6},"end":{"line":118,"column":52}},"39":{"start":{"line":119,"column":6},"end":{"line":119,"column":16}},"40":{"start":{"line":124,"column":4},"end":{"line":124,"column":45}},"41":{"start":{"line":125,"column":4},"end":{"line":125,"column":25}},"42":{"start":{"line":126,"column":4},"end":{"line":131,"column":7}},"43":{"start":{"line":132,"column":4},"end":{"line":132,"column":70}},"44":{"start":{"line":136,"column":4},"end":{"line":136,"column":29}},"45":{"start":{"line":137,"column":4},"end":{"line":144,"column":5}},"46":{"start":{"line":138,"column":6},"end":{"line":138,"column":36}},"47":{"start":{"line":139,"column":6},"end":{"line":139,"column":27}},"48":{"start":{"line":140,"column":6},"end":{"line":140,"column":32}},"49":{"start":{"line":142,"column":6},"end":{"line":142,"column":52}},"50":{"start":{"line":143,"column":6},"end":{"line":143,"column":16}},"51":{"start":{"line":148,"column":16},"end":{"line":148,"column":38}},"52":{"start":{"line":149,"column":4},"end":{"line":149,"column":20}},"53":{"start":{"line":153,"column":4},"end":{"line":153,"column":30}},"54":{"start":{"line":154,"column":4},"end":{"line":159,"column":5}},"55":{"start":{"line":155,"column":6},"end":{"line":155,"column":41}},"56":{"start":{"line":156,"column":6},"end":{"line":156,"column":65}},"57":{"start":{"line":158,"column":6},"end":{"line":158,"column":79}},"58":{"start":{"line":163,"column":4},"end":{"line":163,"column":42}},"59":{"start":{"line":164,"column":4},"end":{"line":203,"column":5}},"60":{"start":{"line":165,"column":18},"end":{"line":165,"column":42}},"61":{"start":{"line":166,"column":34},"end":{"line":171,"column":7}},"62":{"start":{"line":173,"column":23},"end":{"line":173,"column":90}},"63":{"start":{"line":173,"column":54},"end":{"line":173,"column":76}},"64":{"start":{"line":176,"column":6},"end":{"line":195,"column":7}},"65":{"start":{"line":178,"column":8},"end":{"line":180,"column":9}},"66":{"start":{"line":179,"column":10},"end":{"line":179,"column":73}},"67":{"start":{"line":182,"column":8},"end":{"line":185,"column":11}},"68":{"start":{"line":188,"column":8},"end":{"line":194,"column":11}},"69":{"start":{"line":197,"column":6},"end":{"line":197,"column":86}},"70":{"start":{"line":198,"column":6},"end":{"line":198,"column":42}},"71":{"start":{"line":199,"column":6},"end":{"line":199,"column":25}},"72":{"start":{"line":201,"column":6},"end":{"line":201,"column":52}},"73":{"start":{"line":202,"column":6},"end":{"line":202,"column":16}},"74":{"start":{"line":207,"column":4},"end":{"line":207,"column":42}},"75":{"start":{"line":208,"column":4},"end":{"line":218,"column":5}},"76":{"start":{"line":209,"column":6},"end":{"line":209,"column":38}},"77":{"start":{"line":210,"column":23},"end":{"line":212,"column":7}},"78":{"start":{"line":211,"column":8},"end":{"line":211,"column":70}},"79":{"start":{"line":213,"column":6},"end":{"line":213,"column":86}},"80":{"start":{"line":214,"column":6},"end":{"line":214,"column":42}},"81":{"start":{"line":216,"column":6},"end":{"line":216,"column":52}},"82":{"start":{"line":217,"column":6},"end":{"line":217,"column":16}},"83":{"start":{"line":222,"column":58},"end":{"line":222,"column":63}},"84":{"start":{"line":223,"column":4},"end":{"line":223,"column":37}},"85":{"start":{"line":223,"column":30},"end":{"line":223,"column":37}},"86":{"start":{"line":225,"column":4},"end":{"line":225,"column":42}},"87":{"start":{"line":226,"column":4},"end":{"line":343,"column":5}},"88":{"start":{"line":227,"column":26},"end":{"line":227,"column":51}},"89":{"start":{"line":228,"column":28},"end":{"line":228,"column":55}},"90":{"start":{"line":230,"column":29},"end":{"line":230,"column":97}},"91":{"start":{"line":230,"column":60},"end":{"line":230,"column":96}},"92":{"start":{"line":233,"column":6},"end":{"line":261,"column":7}},"93":{"start":{"line":234,"column":44},"end":{"line":234,"column":46}},"94":{"start":{"line":236,"column":8},"end":{"line":253,"column":9}},"95":{"start":{"line":237,"column":26},"end":{"line":237,"column":81}},"96":{"start":{"line":237,"column":59},"end":{"line":237,"column":80}},"97":{"start":{"line":238,"column":26},"end":{"line":238,"column":104}},"98":{"start":{"line":238,"column":45},"end":{"line":238,"column":103}},"99":{"start":{"line":240,"column":10},"end":{"line":252,"column":11}},"100":{"start":{"line":241,"column":12},"end":{"line":251,"column":15}},"101":{"start":{"line":255,"column":8},"end":{"line":260,"column":9}},"102":{"start":{"line":256,"column":10},"end":{"line":256,"column":55}},"103":{"start":{"line":257,"column":10},"end":{"line":259,"column":13}},"104":{"start":{"line":258,"column":12},"end":{"line":258,"column":61}},"105":{"start":{"line":264,"column":18},"end":{"line":264,"column":50}},"106":{"start":{"line":267,"column":6},"end":{"line":284,"column":7}},"107":{"start":{"line":268,"column":8},"end":{"line":268,"column":40}},"108":{"start":{"line":269,"column":8},"end":{"line":269,"column":92}},"109":{"start":{"line":272,"column":32},"end":{"line":272,"column":68}},"110":{"start":{"line":273,"column":8},"end":{"line":283,"column":9}},"111":{"start":{"line":274,"column":10},"end":{"line":282,"column":11}},"112":{"start":{"line":274,"column":66},"end":{"line":274,"column":92}},"113":{"start":{"line":275,"column":12},"end":{"line":281,"column":15}},"114":{"start":{"line":287,"column":6},"end":{"line":322,"column":7}},"115":{"start":{"line":289,"column":30},"end":{"line":289,"column":57}},"116":{"start":{"line":291,"column":8},"end":{"line":321,"column":9}},"117":{"start":{"line":293,"column":29},"end":{"line":293,"column":90}},"118":{"start":{"line":293,"column":55},"end":{"line":293,"column":89}},"119":{"start":{"line":295,"column":10},"end":{"line":306,"column":11}},"120":{"start":{"line":296,"column":32},"end":{"line":296,"column":77}},"121":{"start":{"line":296,"column":55},"end":{"line":296,"column":76}},"122":{"start":{"line":297,"column":31},"end":{"line":303,"column":14}},"123":{"start":{"line":304,"column":12},"end":{"line":304,"column":38}},"124":{"start":{"line":305,"column":12},"end":{"line":305,"column":45}},"125":{"start":{"line":308,"column":10},"end":{"line":320,"column":13}},"126":{"start":{"line":325,"column":6},"end":{"line":329,"column":7}},"127":{"start":{"line":326,"column":8},"end":{"line":328,"column":11}},"128":{"start":{"line":327,"column":10},"end":{"line":327,"column":38}},"129":{"start":{"line":331,"column":18},"end":{"line":331,"column":28}},"130":{"start":{"line":332,"column":6},"end":{"line":332,"column":77}},"131":{"start":{"line":333,"column":6},"end":{"line":333,"column":51}},"132":{"start":{"line":336,"column":24},"end":{"line":336,"column":47}},"133":{"start":{"line":337,"column":6},"end":{"line":339,"column":8}},"134":{"start":{"line":338,"column":8},"end":{"line":338,"column":64}},"135":{"start":{"line":341,"column":6},"end":{"line":341,"column":41}},"136":{"start":{"line":342,"column":6},"end":{"line":342,"column":52}},"137":{"start":{"line":348,"column":0},"end":{"line":350,"column":3}},"138":{"start":{"line":349,"column":2},"end":{"line":349,"column":35}}},"fnMap":{"0":{"name":"loadSyncState","decl":{"start":{"line":12,"column":15},"end":{"line":12,"column":28}},"loc":{"start":{"line":12,"column":31},"end":{"line":41,"column":1}},"line":12},"1":{"name":"(anonymous_1)","decl":{"start":{"line":65,"column":46},"end":{"line":65,"column":47}},"loc":{"start":{"line":65,"column":61},"end":{"line":345,"column":1}},"line":65},"2":{"name":"(anonymous_2)","decl":{"start":{"line":74,"column":8},"end":{"line":74,"column":9}},"loc":{"start":{"line":74,"column":20},"end":{"line":86,"column":3}},"line":74},"3":{"name":"(anonymous_3)","decl":{"start":{"line":88,"column":12},"end":{"line":88,"column":13}},"loc":{"start":{"line":88,"column":46},"end":{"line":103,"column":3}},"line":88},"4":{"name":"(anonymous_4)","decl":{"start":{"line":105,"column":9},"end":{"line":105,"column":10}},"loc":{"start":{"line":105,"column":36},"end":{"line":121,"column":3}},"line":105},"5":{"name":"(anonymous_5)","decl":{"start":{"line":123,"column":10},"end":{"line":123,"column":11}},"loc":{"start":{"line":123,"column":22},"end":{"line":133,"column":3}},"line":123},"6":{"name":"(anonymous_6)","decl":{"start":{"line":135,"column":17},"end":{"line":135,"column":18}},"loc":{"start":{"line":135,"column":29},"end":{"line":145,"column":3}},"line":135},"7":{"name":"(anonymous_7)","decl":{"start":{"line":147,"column":18},"end":{"line":147,"column":19}},"loc":{"start":{"line":147,"column":30},"end":{"line":150,"column":3}},"line":147},"8":{"name":"(anonymous_8)","decl":{"start":{"line":152,"column":21},"end":{"line":152,"column":22}},"loc":{"start":{"line":152,"column":46},"end":{"line":160,"column":3}},"line":152},"9":{"name":"(anonymous_9)","decl":{"start":{"line":162,"column":16},"end":{"line":162,"column":17}},"loc":{"start":{"line":162,"column":66},"end":{"line":204,"column":3}},"line":162},"10":{"name":"(anonymous_10)","decl":{"start":{"line":173,"column":49},"end":{"line":173,"column":50}},"loc":{"start":{"line":173,"column":54},"end":{"line":173,"column":76}},"line":173},"11":{"name":"(anonymous_11)","decl":{"start":{"line":206,"column":10},"end":{"line":206,"column":11}},"loc":{"start":{"line":206,"column":31},"end":{"line":219,"column":3}},"line":206},"12":{"name":"(anonymous_12)","decl":{"start":{"line":210,"column":42},"end":{"line":210,"column":43}},"loc":{"start":{"line":211,"column":8},"end":{"line":211,"column":70}},"line":211},"13":{"name":"(anonymous_13)","decl":{"start":{"line":221,"column":8},"end":{"line":221,"column":9}},"loc":{"start":{"line":221,"column":20},"end":{"line":344,"column":3}},"line":221},"14":{"name":"(anonymous_14)","decl":{"start":{"line":230,"column":55},"end":{"line":230,"column":56}},"loc":{"start":{"line":230,"column":60},"end":{"line":230,"column":96}},"line":230},"15":{"name":"(anonymous_15)","decl":{"start":{"line":237,"column":54},"end":{"line":237,"column":55}},"loc":{"start":{"line":237,"column":59},"end":{"line":237,"column":80}},"line":237},"16":{"name":"(anonymous_16)","decl":{"start":{"line":238,"column":40},"end":{"line":238,"column":41}},"loc":{"start":{"line":238,"column":45},"end":{"line":238,"column":103}},"line":238},"17":{"name":"(anonymous_17)","decl":{"start":{"line":257,"column":31},"end":{"line":257,"column":32}},"loc":{"start":{"line":257,"column":36},"end":{"line":259,"column":11}},"line":257},"18":{"name":"(anonymous_18)","decl":{"start":{"line":274,"column":61},"end":{"line":274,"column":62}},"loc":{"start":{"line":274,"column":66},"end":{"line":274,"column":92}},"line":274},"19":{"name":"(anonymous_19)","decl":{"start":{"line":293,"column":50},"end":{"line":293,"column":51}},"loc":{"start":{"line":293,"column":55},"end":{"line":293,"column":89}},"line":293},"20":{"name":"(anonymous_20)","decl":{"start":{"line":296,"column":50},"end":{"line":296,"column":51}},"loc":{"start":{"line":296,"column":55},"end":{"line":296,"column":76}},"line":296},"21":{"name":"(anonymous_21)","decl":{"start":{"line":326,"column":31},"end":{"line":326,"column":32}},"loc":{"start":{"line":326,"column":47},"end":{"line":328,"column":9}},"line":326},"22":{"name":"(anonymous_22)","decl":{"start":{"line":337,"column":61},"end":{"line":337,"column":62}},"loc":{"start":{"line":338,"column":8},"end":{"line":338,"column":64}},"line":338},"23":{"name":"(anonymous_23)","decl":{"start":{"line":348,"column":17},"end":{"line":348,"column":18}},"loc":{"start":{"line":348,"column":23},"end":{"line":350,"column":1}},"line":348}},"branchMap":{"0":{"loc":{"start":{"line":22,"column":4},"end":{"line":29,"column":5}},"type":"if","locations":[{"start":{"line":22,"column":4},"end":{"line":29,"column":5}},{"start":{},"end":{}}],"line":22},"1":{"loc":{"start":{"line":24,"column":6},"end":{"line":28,"column":7}},"type":"if","locations":[{"start":{"line":24,"column":6},"end":{"line":28,"column":7}},{"start":{"line":26,"column":13},"end":{"line":28,"column":7}}],"line":24},"2":{"loc":{"start":{"line":36,"column":12},"end":{"line":36,"column":26}},"type":"binary-expr","locations":[{"start":{"line":36,"column":12},"end":{"line":36,"column":18}},{"start":{"line":36,"column":22},"end":{"line":36,"column":26}}],"line":36},"3":{"loc":{"start":{"line":37,"column":11},"end":{"line":37,"column":24}},"type":"binary-expr","locations":[{"start":{"line":37,"column":11},"end":{"line":37,"column":16}},{"start":{"line":37,"column":20},"end":{"line":37,"column":24}}],"line":37},"4":{"loc":{"start":{"line":39,"column":18},"end":{"line":39,"column":63}},"type":"cond-expr","locations":[{"start":{"line":39,"column":33},"end":{"line":39,"column":59}},{"start":{"line":39,"column":62},"end":{"line":39,"column":63}}],"line":39},"5":{"loc":{"start":{"line":79,"column":6},"end":{"line":82,"column":7}},"type":"if","locations":[{"start":{"line":79,"column":6},"end":{"line":82,"column":7}},{"start":{},"end":{}}],"line":79},"6":{"loc":{"start":{"line":162,"column":40},"end":{"line":162,"column":61}},"type":"default-arg","locations":[{"start":{"line":162,"column":57},"end":{"line":162,"column":61}}],"line":162},"7":{"loc":{"start":{"line":176,"column":6},"end":{"line":195,"column":7}},"type":"if","locations":[{"start":{"line":176,"column":6},"end":{"line":195,"column":7}},{"start":{"line":186,"column":13},"end":{"line":195,"column":7}}],"line":176},"8":{"loc":{"start":{"line":178,"column":8},"end":{"line":180,"column":9}},"type":"if","locations":[{"start":{"line":178,"column":8},"end":{"line":180,"column":9}},{"start":{},"end":{}}],"line":178},"9":{"loc":{"start":{"line":211,"column":8},"end":{"line":211,"column":70}},"type":"cond-expr","locations":[{"start":{"line":211,"column":29},"end":{"line":211,"column":66}},{"start":{"line":211,"column":69},"end":{"line":211,"column":70}}],"line":211},"10":{"loc":{"start":{"line":223,"column":4},"end":{"line":223,"column":37}},"type":"if","locations":[{"start":{"line":223,"column":4},"end":{"line":223,"column":37}},{"start":{},"end":{}}],"line":223},"11":{"loc":{"start":{"line":223,"column":8},"end":{"line":223,"column":28}},"type":"binary-expr","locations":[{"start":{"line":223,"column":8},"end":{"line":223,"column":15}},{"start":{"line":223,"column":19},"end":{"line":223,"column":28}}],"line":223},"12":{"loc":{"start":{"line":230,"column":60},"end":{"line":230,"column":96}},"type":"binary-expr","locations":[{"start":{"line":230,"column":60},"end":{"line":230,"column":74}},{"start":{"line":230,"column":78},"end":{"line":230,"column":96}}],"line":230},"13":{"loc":{"start":{"line":233,"column":6},"end":{"line":261,"column":7}},"type":"if","locations":[{"start":{"line":233,"column":6},"end":{"line":261,"column":7}},{"start":{},"end":{}}],"line":233},"14":{"loc":{"start":{"line":238,"column":45},"end":{"line":238,"column":103}},"type":"binary-expr","locations":[{"start":{"line":238,"column":45},"end":{"line":238,"column":78}},{"start":{"line":238,"column":82},"end":{"line":238,"column":103}}],"line":238},"15":{"loc":{"start":{"line":240,"column":10},"end":{"line":252,"column":11}},"type":"if","locations":[{"start":{"line":240,"column":10},"end":{"line":252,"column":11}},{"start":{},"end":{}}],"line":240},"16":{"loc":{"start":{"line":255,"column":8},"end":{"line":260,"column":9}},"type":"if","locations":[{"start":{"line":255,"column":8},"end":{"line":260,"column":9}},{"start":{},"end":{}}],"line":255},"17":{"loc":{"start":{"line":267,"column":6},"end":{"line":284,"column":7}},"type":"if","locations":[{"start":{"line":267,"column":6},"end":{"line":284,"column":7}},{"start":{},"end":{}}],"line":267},"18":{"loc":{"start":{"line":274,"column":10},"end":{"line":282,"column":11}},"type":"if","locations":[{"start":{"line":274,"column":10},"end":{"line":282,"column":11}},{"start":{},"end":{}}],"line":274},"19":{"loc":{"start":{"line":274,"column":14},"end":{"line":274,"column":93}},"type":"binary-expr","locations":[{"start":{"line":274,"column":14},"end":{"line":274,"column":35}},{"start":{"line":274,"column":39},"end":{"line":274,"column":93}}],"line":274},"20":{"loc":{"start":{"line":287,"column":6},"end":{"line":322,"column":7}},"type":"if","locations":[{"start":{"line":287,"column":6},"end":{"line":322,"column":7}},{"start":{},"end":{}}],"line":287},"21":{"loc":{"start":{"line":295,"column":10},"end":{"line":306,"column":11}},"type":"if","locations":[{"start":{"line":295,"column":10},"end":{"line":306,"column":11}},{"start":{},"end":{}}],"line":295},"22":{"loc":{"start":{"line":298,"column":20},"end":{"line":298,"column":51}},"type":"binary-expr","locations":[{"start":{"line":298,"column":20},"end":{"line":298,"column":38}},{"start":{"line":298,"column":42},"end":{"line":298,"column":51}}],"line":298},"23":{"loc":{"start":{"line":325,"column":6},"end":{"line":329,"column":7}},"type":"if","locations":[{"start":{"line":325,"column":6},"end":{"line":329,"column":7}},{"start":{},"end":{}}],"line":325}},"s":{"0":0,"1":0,"2":0,"3":0,"4":0,"5":0,"6":0,"7":0,"8":0,"9":0,"10":0,"11":0,"12":0,"13":0,"14":0,"15":0,"16":0,"17":0,"18":0,"19":0,"20":0,"21":0,"22":0,"23":0,"24":0,"25":0,"26":0,"27":0,"28":0,"29":0,"30":0,"31":0,"32":0,"33":0,"34":0,"35":0,"36":0,"37":0,"38":0,"39":0,"40":0,"41":0,"42":0,"43":0,"44":0,"45":0,"46":0,"47":0,"48":0,"49":0,"50":0,"51":0,"52":0,"53":0,"54":0,"55":0,"56":0,"57":0,"58":0,"59":0,"60":0,"61":0,"62":0,"63":0,"64":0,"65":0,"66":0,"67":0,"68":0,"69":0,"70":0,"71":0,"72":0,"73":0,"74":0,"75":0,"76":0,"77":0,"78":0,"79":0,"80":0,"81":0,"82":0,"83":0,"84":0,"85":0,"86":0,"87":0,"88":0,"89":0,"90":0,"91":0,"92":0,"93":0,"94":0,"95":0,"96":0,"97":0,"98":0,"99":0,"100":0,"101":0,"102":0,"103":0,"104":0,"105":0,"106":0,"107":0,"108":0,"109":0,"110":0,"111":0,"112":0,"113":0,"114":0,"115":0,"116":0,"117":0,"118":0,"119":0,"120":0,"121":0,"122":0,"123":0,"124":0,"125":0,"126":0,"127":0,"128":0,"129":0,"130":0,"131":0,"132":0,"133":0,"134":0,"135":0,"136":0,"137":0,"138":0},"f":{"0":0,"1":0,"2":0,"3":0,"4":0,"5":0,"6":0,"7":0,"8":0,"9":0,"10":0,"11":0,"12":0,"13":0,"14":0,"15":0,"16":0,"17":0,"18":0,"19":0,"20":0,"21":0,"22":0,"23":0},"b":{"0":[0,0],"1":[0,0],"2":[0,0],"3":[0,0],"4":[0,0],"5":[0,0],"6":[0],"7":[0,0],"8":[0,0],"9":[0,0],"10":[0,0],"11":[0,0],"12":[0,0],"13":[0,0],"14":[0,0],"15":[0,0],"16":[0,0],"17":[0,0],"18":[0,0],"19":[0,0],"20":[0,0],"21":[0,0],"22":[0,0],"23":[0,0]}}
,"C:\\programming\\love-tracker\\mobile\\src\\types\\shared.ts": {"path":"C:\\programming\\love-tracker\\mobile\\src\\types\\shared.ts","statementMap":{},"fnMap":{},"branchMap":{},"s":{},"f":{},"b":{}}
}
